CRITICAL - 2020-10-19 00:07:41 --> Undefined index: admin
#0 C:\xampp745\htdocs\aaradhya1\app\Models\Adminm\Login_m.php(99): CodeIgniter\Debug\Exceptions->errorHandler(8, 'Undefined index...', 'C:\\xampp745\\htd...', 99, Array)
#1 C:\xampp745\htdocs\aaradhya1\app\Controllers\Employee_c.php(45): App\Models\Adminm\Login_m->check_current_password('81dc9bdb52d04dc...')
#2 C:\xampp745\htdocs\aaradhya1\system\CodeIgniter.php(918): App\Controllers\Employee_c->update_profile()
#3 C:\xampp745\htdocs\aaradhya1\system\CodeIgniter.php(404): CodeIgniter\CodeIgniter->runController(Object(App\Controllers\Employee_c))
#4 C:\xampp745\htdocs\aaradhya1\system\CodeIgniter.php(312): CodeIgniter\CodeIgniter->handleRequest(NULL, Object(Config\Cache), false)
#5 C:\xampp745\htdocs\aaradhya1\index.php(62): CodeIgniter\CodeIgniter->run()
#6 {main}
CRITICAL - 2020-10-19 00:07:48 --> Undefined index: admin
#0 C:\xampp745\htdocs\aaradhya1\app\Models\Adminm\Login_m.php(99): CodeIgniter\Debug\Exceptions->errorHandler(8, 'Undefined index...', 'C:\\xampp745\\htd...', 99, Array)
#1 C:\xampp745\htdocs\aaradhya1\app\Controllers\Employee_c.php(45): App\Models\Adminm\Login_m->check_current_password('81dc9bdb52d04dc...')
#2 C:\xampp745\htdocs\aaradhya1\system\CodeIgniter.php(918): App\Controllers\Employee_c->update_profile()
#3 C:\xampp745\htdocs\aaradhya1\system\CodeIgniter.php(404): CodeIgniter\CodeIgniter->runController(Object(App\Controllers\Employee_c))
#4 C:\xampp745\htdocs\aaradhya1\system\CodeIgniter.php(312): CodeIgniter\CodeIgniter->handleRequest(NULL, Object(Config\Cache), false)
#5 C:\xampp745\htdocs\aaradhya1\index.php(62): CodeIgniter\CodeIgniter->run()
#6 {main}
CRITICAL - 2020-10-19 00:09:11 --> Undefined index: employee_user_id
#0 C:\xampp745\htdocs\aaradhya1\app\Models\Adminm\Login_m.php(99): CodeIgniter\Debug\Exceptions->errorHandler(8, 'Undefined index...', 'C:\\xampp745\\htd...', 99, Array)
#1 C:\xampp745\htdocs\aaradhya1\app\Controllers\Employee_c.php(45): App\Models\Adminm\Login_m->check_current_password('81dc9bdb52d04dc...')
#2 C:\xampp745\htdocs\aaradhya1\system\CodeIgniter.php(918): App\Controllers\Employee_c->update_profile()
#3 C:\xampp745\htdocs\aaradhya1\system\CodeIgniter.php(404): CodeIgniter\CodeIgniter->runController(Object(App\Controllers\Employee_c))
#4 C:\xampp745\htdocs\aaradhya1\system\CodeIgniter.php(312): CodeIgniter\CodeIgniter->handleRequest(NULL, Object(Config\Cache), false)
#5 C:\xampp745\htdocs\aaradhya1\index.php(62): CodeIgniter\CodeIgniter->run()
#6 {main}
CRITICAL - 2020-10-19 00:44:33 --> The action you requested is not allowed.
#0 C:\xampp745\htdocs\aaradhya1\system\Security\Security.php(233): CodeIgniter\Security\Exceptions\SecurityException::forDisallowedAction()
#1 C:\xampp745\htdocs\aaradhya1\system\Filters\CSRF.php(88): CodeIgniter\Security\Security->CSRFVerify(Object(CodeIgniter\HTTP\IncomingRequest))
#2 C:\xampp745\htdocs\aaradhya1\system\Filters\Filters.php(173): CodeIgniter\Filters\CSRF->before(Object(CodeIgniter\HTTP\IncomingRequest), NULL)
#3 C:\xampp745\htdocs\aaradhya1\system\CodeIgniter.php(382): CodeIgniter\Filters\Filters->run('front-update-pr...', 'before')
#4 C:\xampp745\htdocs\aaradhya1\system\CodeIgniter.php(312): CodeIgniter\CodeIgniter->handleRequest(NULL, Object(Config\Cache), false)
#5 C:\xampp745\htdocs\aaradhya1\index.php(62): CodeIgniter\CodeIgniter->run()
#6 {main}
CRITICAL - 2020-10-19 00:44:36 --> The action you requested is not allowed.
#0 C:\xampp745\htdocs\aaradhya1\system\Security\Security.php(233): CodeIgniter\Security\Exceptions\SecurityException::forDisallowedAction()
#1 C:\xampp745\htdocs\aaradhya1\system\Filters\CSRF.php(88): CodeIgniter\Security\Security->CSRFVerify(Object(CodeIgniter\HTTP\IncomingRequest))
#2 C:\xampp745\htdocs\aaradhya1\system\Filters\Filters.php(173): CodeIgniter\Filters\CSRF->before(Object(CodeIgniter\HTTP\IncomingRequest), NULL)
#3 C:\xampp745\htdocs\aaradhya1\system\CodeIgniter.php(382): CodeIgniter\Filters\Filters->run('front-update-pr...', 'before')
#4 C:\xampp745\htdocs\aaradhya1\system\CodeIgniter.php(312): CodeIgniter\CodeIgniter->handleRequest(NULL, Object(Config\Cache), false)
#5 C:\xampp745\htdocs\aaradhya1\index.php(62): CodeIgniter\CodeIgniter->run()
#6 {main}
CRITICAL - 2020-10-19 00:44:40 --> The action you requested is not allowed.
#0 C:\xampp745\htdocs\aaradhya1\system\Security\Security.php(233): CodeIgniter\Security\Exceptions\SecurityException::forDisallowedAction()
#1 C:\xampp745\htdocs\aaradhya1\system\Filters\CSRF.php(88): CodeIgniter\Security\Security->CSRFVerify(Object(CodeIgniter\HTTP\IncomingRequest))
#2 C:\xampp745\htdocs\aaradhya1\system\Filters\Filters.php(173): CodeIgniter\Filters\CSRF->before(Object(CodeIgniter\HTTP\IncomingRequest), NULL)
#3 C:\xampp745\htdocs\aaradhya1\system\CodeIgniter.php(382): CodeIgniter\Filters\Filters->run('front-update-pr...', 'before')
#4 C:\xampp745\htdocs\aaradhya1\system\CodeIgniter.php(312): CodeIgniter\CodeIgniter->handleRequest(NULL, Object(Config\Cache), false)
#5 C:\xampp745\htdocs\aaradhya1\index.php(62): CodeIgniter\CodeIgniter->run()
#6 {main}
CRITICAL - 2020-10-19 00:48:21 --> Undefined variable: new_password
#0 C:\xampp745\htdocs\aaradhya1\app\Models\Frontm\Login_m.php(104): CodeIgniter\Debug\Exceptions->errorHandler(8, 'Undefined varia...', 'C:\\xampp745\\htd...', 104, Array)
#1 C:\xampp745\htdocs\aaradhya1\app\Controllers\Home_c.php(77): App\Models\Frontm\Login_m->update_password_front(Array)
#2 C:\xampp745\htdocs\aaradhya1\system\CodeIgniter.php(918): App\Controllers\Home_c->update_profile()
#3 C:\xampp745\htdocs\aaradhya1\system\CodeIgniter.php(404): CodeIgniter\CodeIgniter->runController(Object(App\Controllers\Home_c))
#4 C:\xampp745\htdocs\aaradhya1\system\CodeIgniter.php(312): CodeIgniter\CodeIgniter->handleRequest(NULL, Object(Config\Cache), false)
#5 C:\xampp745\htdocs\aaradhya1\index.php(62): CodeIgniter\CodeIgniter->run()
#6 {main}
CRITICAL - 2020-10-19 00:48:42 --> Undefined variable: new_password
#0 C:\xampp745\htdocs\aaradhya1\app\Models\Frontm\Login_m.php(104): CodeIgniter\Debug\Exceptions->errorHandler(8, 'Undefined varia...', 'C:\\xampp745\\htd...', 104, Array)
#1 C:\xampp745\htdocs\aaradhya1\app\Controllers\Home_c.php(77): App\Models\Frontm\Login_m->update_password_front(Array)
#2 C:\xampp745\htdocs\aaradhya1\system\CodeIgniter.php(918): App\Controllers\Home_c->update_profile()
#3 C:\xampp745\htdocs\aaradhya1\system\CodeIgniter.php(404): CodeIgniter\CodeIgniter->runController(Object(App\Controllers\Home_c))
#4 C:\xampp745\htdocs\aaradhya1\system\CodeIgniter.php(312): CodeIgniter\CodeIgniter->handleRequest(NULL, Object(Config\Cache), false)
#5 C:\xampp745\htdocs\aaradhya1\index.php(62): CodeIgniter\CodeIgniter->run()
#6 {main}
CRITICAL - 2020-10-19 01:16:06 --> Use of undefined constant FRONT_REFUSER_TITLE_TITLE - assumed 'FRONT_REFUSER_TITLE_TITLE' (this will throw an Error in a future version of PHP)
#0 C:\xampp745\htdocs\aaradhya1\app\Controllers\Home_c.php(67): CodeIgniter\Debug\Exceptions->errorHandler(2, 'Use of undefine...', 'C:\\xampp745\\htd...', 67, Array)
#1 C:\xampp745\htdocs\aaradhya1\system\CodeIgniter.php(918): App\Controllers\Home_c->refusers('24')
#2 C:\xampp745\htdocs\aaradhya1\system\CodeIgniter.php(404): CodeIgniter\CodeIgniter->runController(Object(App\Controllers\Home_c))
#3 C:\xampp745\htdocs\aaradhya1\system\CodeIgniter.php(312): CodeIgniter\CodeIgniter->handleRequest(NULL, Object(Config\Cache), false)
#4 C:\xampp745\htdocs\aaradhya1\index.php(62): CodeIgniter\CodeIgniter->run()
#5 {main}
CRITICAL - 2020-10-19 01:16:14 --> Undefined variable: data
#0 C:\xampp745\htdocs\aaradhya1\app\Views\frontside\refusers.php(37): CodeIgniter\Debug\Exceptions->errorHandler(8, 'Undefined varia...', 'C:\\xampp745\\htd...', 37, Array)
#1 C:\xampp745\htdocs\aaradhya1\system\View\View.php(246): include('C:\\xampp745\\htd...')
#2 C:\xampp745\htdocs\aaradhya1\system\Common.php(1052): CodeIgniter\View\View->render('frontside/refus...', Array, true)
#3 C:\xampp745\htdocs\aaradhya1\system\Common.php(1116): view('frontside/refus...', Array)
#4 C:\xampp745\htdocs\aaradhya1\app\Controllers\Home_c.php(68): front_view('frontside/refus...', Array)
#5 C:\xampp745\htdocs\aaradhya1\system\CodeIgniter.php(918): App\Controllers\Home_c->refusers('24')
#6 C:\xampp745\htdocs\aaradhya1\system\CodeIgniter.php(404): CodeIgniter\CodeIgniter->runController(Object(App\Controllers\Home_c))
#7 C:\xampp745\htdocs\aaradhya1\system\CodeIgniter.php(312): CodeIgniter\CodeIgniter->handleRequest(NULL, Object(Config\Cache), false)
#8 C:\xampp745\htdocs\aaradhya1\index.php(62): CodeIgniter\CodeIgniter->run()
#9 {main}
CRITICAL - 2020-10-19 01:25:29 --> Use of undefined constant FRONT_WITHDRAWAL_REQ_LINK - assumed 'FRONT_WITHDRAWAL_REQ_LINK' (this will throw an Error in a future version of PHP)
#0 C:\xampp745\htdocs\aaradhya1\app\Views\frontside\common\header.php(65): CodeIgniter\Debug\Exceptions->errorHandler(2, 'Use of undefine...', 'C:\\xampp745\\htd...', 65, Array)
#1 C:\xampp745\htdocs\aaradhya1\system\View\View.php(246): include('C:\\xampp745\\htd...')
#2 C:\xampp745\htdocs\aaradhya1\system\Common.php(1052): CodeIgniter\View\View->render('frontside/commo...', Array, true)
#3 C:\xampp745\htdocs\aaradhya1\system\Common.php(1115): view('frontside/commo...', Array)
#4 C:\xampp745\htdocs\aaradhya1\app\Controllers\Home_c.php(57): front_view('frontside/home', Array)
#5 C:\xampp745\htdocs\aaradhya1\system\CodeIgniter.php(918): App\Controllers\Home_c->index()
#6 C:\xampp745\htdocs\aaradhya1\system\CodeIgniter.php(404): CodeIgniter\CodeIgniter->runController(Object(App\Controllers\Home_c))
#7 C:\xampp745\htdocs\aaradhya1\system\CodeIgniter.php(312): CodeIgniter\CodeIgniter->handleRequest(NULL, Object(Config\Cache), false)
#8 C:\xampp745\htdocs\aaradhya1\index.php(62): CodeIgniter\CodeIgniter->run()
#9 {main}
CRITICAL - 2020-10-19 02:59:06 --> Undefined index: totalwithdrawal
#0 C:\xampp745\htdocs\aaradhya1\app\Views\employee\dashboard.php(27): CodeIgniter\Debug\Exceptions->errorHandler(8, 'Undefined index...', 'C:\\xampp745\\htd...', 27, Array)
#1 C:\xampp745\htdocs\aaradhya1\system\View\View.php(246): include('C:\\xampp745\\htd...')
#2 C:\xampp745\htdocs\aaradhya1\system\Common.php(1052): CodeIgniter\View\View->render('employee/dashbo...', Array, true)
#3 C:\xampp745\htdocs\aaradhya1\system\Common.php(1098): view('employee/dashbo...', Array)
#4 C:\xampp745\htdocs\aaradhya1\app\Controllers\Employee_c.php(44): employee_view('employee/dashbo...', Array)
#5 C:\xampp745\htdocs\aaradhya1\system\CodeIgniter.php(918): App\Controllers\Employee_c->dashboard()
#6 C:\xampp745\htdocs\aaradhya1\system\CodeIgniter.php(404): CodeIgniter\CodeIgniter->runController(Object(App\Controllers\Employee_c))
#7 C:\xampp745\htdocs\aaradhya1\system\CodeIgniter.php(312): CodeIgniter\CodeIgniter->handleRequest(NULL, Object(Config\Cache), false)
#8 C:\xampp745\htdocs\aaradhya1\index.php(62): CodeIgniter\CodeIgniter->run()
#9 {main}
CRITICAL - 2020-10-19 05:16:19 --> Unknown column 'user_unique_id' in 'where clause'
#0 /home/knebxnii/public_html/aaradhya1/system/Database/MySQLi/Connection.php(331): mysqli->query('SELECT * FROM `...')
#1 /home/knebxnii/public_html/aaradhya1/system/Database/BaseConnection.php(741): CodeIgniter\Database\MySQLi\Connection->execute('SELECT * FROM `...')
#2 /home/knebxnii/public_html/aaradhya1/system/Database/BaseConnection.php(669): CodeIgniter\Database\BaseConnection->simpleQuery('SELECT * FROM `...')
#3 /home/knebxnii/public_html/aaradhya1/app/Models/Frontm/Login_m.php(16): CodeIgniter\Database\BaseConnection->query('SELECT * FROM `...')
#4 /home/knebxnii/public_html/aaradhya1/app/Controllers/Home_c.php(35): App\Models\Frontm\Login_m->customer_login_select('admin@gmail.com', '123')
#5 /home/knebxnii/public_html/aaradhya1/system/CodeIgniter.php(918): App\Controllers\Home_c->login()
#6 /home/knebxnii/public_html/aaradhya1/system/CodeIgniter.php(404): CodeIgniter\CodeIgniter->runController(Object(App\Controllers\Home_c))
#7 /home/knebxnii/public_html/aaradhya1/system/CodeIgniter.php(312): CodeIgniter\CodeIgniter->handleRequest(NULL, Object(Config\Cache), false)
#8 /home/knebxnii/public_html/aaradhya1/index.php(62): CodeIgniter\CodeIgniter->run()
#9 {main}
