CRITICAL - 2020-10-07 09:18:04 --> Unknown column 'case_files_ext' in 'field list'
#0 C:\xampp745\htdocs\hpshrc\system\Database\MySQLi\Connection.php(331): mysqli->query('INSERT INTO `ca...')
#1 C:\xampp745\htdocs\hpshrc\system\Database\BaseConnection.php(741): CodeIgniter\Database\MySQLi\Connection->execute('INSERT INTO `ca...')
#2 C:\xampp745\htdocs\hpshrc\system\Database\BaseConnection.php(669): CodeIgniter\Database\BaseConnection->simpleQuery('INSERT INTO `ca...')
#3 C:\xampp745\htdocs\hpshrc\system\Database\BaseBuilder.php(2249): CodeIgniter\Database\BaseConnection->query('INSERT INTO `ca...', Array, false)
#4 C:\xampp745\htdocs\hpshrc\App\Models\Employeem\Cases_m.php(46): CodeIgniter\Database\BaseBuilder->insert(Array)
#5 C:\xampp745\htdocs\hpshrc\App\Controllers\Common_c.php(71): App\Models\Employeem\Cases_m->add_cases_files(Array)
#6 C:\xampp745\htdocs\hpshrc\system\CodeIgniter.php(918): App\Controllers\Common_c->add_cases()
#7 C:\xampp745\htdocs\hpshrc\system\CodeIgniter.php(404): CodeIgniter\CodeIgniter->runController(Object(App\Controllers\Common_c))
#8 C:\xampp745\htdocs\hpshrc\system\CodeIgniter.php(312): CodeIgniter\CodeIgniter->handleRequest(NULL, Object(Config\Cache), false)
#9 C:\xampp745\htdocs\hpshrc\index.php(76): CodeIgniter\CodeIgniter->run()
#10 {main}
CRITICAL - 2020-10-07 10:52:05 --> Class 'files' not found
#0 C:\xampp745\htdocs\hpshrc\system\Config\BaseService.php(123): CodeIgniter\Config\Services::session(Object(Config\App), false)
#1 C:\xampp745\htdocs\hpshrc\system\Config\Services.php(769): CodeIgniter\Config\BaseService::getSharedInstance('session', NULL)
#2 C:\xampp745\htdocs\hpshrc\system\HTTP\RedirectResponse.php(229): CodeIgniter\Config\Services::session()
#3 C:\xampp745\htdocs\hpshrc\system\HTTP\RedirectResponse.php(111): CodeIgniter\HTTP\RedirectResponse->ensureSession()
#4 C:\xampp745\htdocs\hpshrc\system\Filters\CSRF.php(94): CodeIgniter\HTTP\RedirectResponse->back()
#5 C:\xampp745\htdocs\hpshrc\system\Filters\Filters.php(173): CodeIgniter\Filters\CSRF->before(Object(CodeIgniter\HTTP\IncomingRequest), NULL)
#6 C:\xampp745\htdocs\hpshrc\system\CodeIgniter.php(382): CodeIgniter\Filters\Filters->run('admin-employee-...', 'before')
#7 C:\xampp745\htdocs\hpshrc\system\CodeIgniter.php(312): CodeIgniter\CodeIgniter->handleRequest(NULL, Object(Config\Cache), false)
#8 C:\xampp745\htdocs\hpshrc\index.php(76): CodeIgniter\CodeIgniter->run()
#9 {main}
CRITICAL - 2020-10-07 10:52:41 --> Unknown column 'employee_roll' in 'field list'
#0 C:\xampp745\htdocs\hpshrc\system\Database\MySQLi\Connection.php(331): mysqli->query('INSERT INTO `em...')
#1 C:\xampp745\htdocs\hpshrc\system\Database\BaseConnection.php(741): CodeIgniter\Database\MySQLi\Connection->execute('INSERT INTO `em...')
#2 C:\xampp745\htdocs\hpshrc\system\Database\BaseConnection.php(669): CodeIgniter\Database\BaseConnection->simpleQuery('INSERT INTO `em...')
#3 C:\xampp745\htdocs\hpshrc\system\Database\BaseBuilder.php(2249): CodeIgniter\Database\BaseConnection->query('INSERT INTO `em...', Array, false)
#4 C:\xampp745\htdocs\hpshrc\App\Models\Common_m.php(69): CodeIgniter\Database\BaseBuilder->insert(Array)
#5 C:\xampp745\htdocs\hpshrc\App\Controllers\Employee_a.php(66): App\Models\Common_m->register_employee(Array)
#6 C:\xampp745\htdocs\hpshrc\system\CodeIgniter.php(918): App\Controllers\Employee_a->create_employee()
#7 C:\xampp745\htdocs\hpshrc\system\CodeIgniter.php(404): CodeIgniter\CodeIgniter->runController(Object(App\Controllers\Employee_a))
#8 C:\xampp745\htdocs\hpshrc\system\CodeIgniter.php(312): CodeIgniter\CodeIgniter->handleRequest(NULL, Object(Config\Cache), false)
#9 C:\xampp745\htdocs\hpshrc\index.php(76): CodeIgniter\CodeIgniter->run()
#10 {main}
CRITICAL - 2020-10-07 11:04:58 --> Unknown column 'employee_roll' in 'field list'
#0 C:\xampp745\htdocs\hpshrc\system\Database\MySQLi\Connection.php(331): mysqli->query('INSERT INTO `em...')
#1 C:\xampp745\htdocs\hpshrc\system\Database\BaseConnection.php(741): CodeIgniter\Database\MySQLi\Connection->execute('INSERT INTO `em...')
#2 C:\xampp745\htdocs\hpshrc\system\Database\BaseConnection.php(669): CodeIgniter\Database\BaseConnection->simpleQuery('INSERT INTO `em...')
#3 C:\xampp745\htdocs\hpshrc\system\Database\BaseBuilder.php(2249): CodeIgniter\Database\BaseConnection->query('INSERT INTO `em...', Array, false)
#4 C:\xampp745\htdocs\hpshrc\App\Models\Common_m.php(69): CodeIgniter\Database\BaseBuilder->insert(Array)
#5 C:\xampp745\htdocs\hpshrc\App\Controllers\Employee_a.php(66): App\Models\Common_m->register_employee(Array)
#6 C:\xampp745\htdocs\hpshrc\system\CodeIgniter.php(918): App\Controllers\Employee_a->create_employee()
#7 C:\xampp745\htdocs\hpshrc\system\CodeIgniter.php(404): CodeIgniter\CodeIgniter->runController(Object(App\Controllers\Employee_a))
#8 C:\xampp745\htdocs\hpshrc\system\CodeIgniter.php(312): CodeIgniter\CodeIgniter->handleRequest(NULL, Object(Config\Cache), false)
#9 C:\xampp745\htdocs\hpshrc\index.php(76): CodeIgniter\CodeIgniter->run()
#10 {main}
CRITICAL - 2020-10-07 11:10:06 --> Unknown column 'employee_roll' in 'field list'
#0 C:\xampp745\htdocs\hpshrc\system\Database\MySQLi\Connection.php(331): mysqli->query('INSERT INTO `em...')
#1 C:\xampp745\htdocs\hpshrc\system\Database\BaseConnection.php(741): CodeIgniter\Database\MySQLi\Connection->execute('INSERT INTO `em...')
#2 C:\xampp745\htdocs\hpshrc\system\Database\BaseConnection.php(669): CodeIgniter\Database\BaseConnection->simpleQuery('INSERT INTO `em...')
#3 C:\xampp745\htdocs\hpshrc\system\Database\BaseBuilder.php(2249): CodeIgniter\Database\BaseConnection->query('INSERT INTO `em...', Array, false)
#4 C:\xampp745\htdocs\hpshrc\App\Models\Common_m.php(69): CodeIgniter\Database\BaseBuilder->insert(Array)
#5 C:\xampp745\htdocs\hpshrc\App\Controllers\Employee_a.php(67): App\Models\Common_m->register_employee(Array)
#6 C:\xampp745\htdocs\hpshrc\system\CodeIgniter.php(918): App\Controllers\Employee_a->create_employee()
#7 C:\xampp745\htdocs\hpshrc\system\CodeIgniter.php(404): CodeIgniter\CodeIgniter->runController(Object(App\Controllers\Employee_a))
#8 C:\xampp745\htdocs\hpshrc\system\CodeIgniter.php(312): CodeIgniter\CodeIgniter->handleRequest(NULL, Object(Config\Cache), false)
#9 C:\xampp745\htdocs\hpshrc\index.php(76): CodeIgniter\CodeIgniter->run()
#10 {main}
CRITICAL - 2020-10-07 11:10:10 --> Unknown column 'employee_roll' in 'field list'
#0 C:\xampp745\htdocs\hpshrc\system\Database\MySQLi\Connection.php(331): mysqli->query('INSERT INTO `em...')
#1 C:\xampp745\htdocs\hpshrc\system\Database\BaseConnection.php(741): CodeIgniter\Database\MySQLi\Connection->execute('INSERT INTO `em...')
#2 C:\xampp745\htdocs\hpshrc\system\Database\BaseConnection.php(669): CodeIgniter\Database\BaseConnection->simpleQuery('INSERT INTO `em...')
#3 C:\xampp745\htdocs\hpshrc\system\Database\BaseBuilder.php(2249): CodeIgniter\Database\BaseConnection->query('INSERT INTO `em...', Array, false)
#4 C:\xampp745\htdocs\hpshrc\App\Models\Common_m.php(69): CodeIgniter\Database\BaseBuilder->insert(Array)
#5 C:\xampp745\htdocs\hpshrc\App\Controllers\Employee_a.php(67): App\Models\Common_m->register_employee(Array)
#6 C:\xampp745\htdocs\hpshrc\system\CodeIgniter.php(918): App\Controllers\Employee_a->create_employee()
#7 C:\xampp745\htdocs\hpshrc\system\CodeIgniter.php(404): CodeIgniter\CodeIgniter->runController(Object(App\Controllers\Employee_a))
#8 C:\xampp745\htdocs\hpshrc\system\CodeIgniter.php(312): CodeIgniter\CodeIgniter->handleRequest(NULL, Object(Config\Cache), false)
#9 C:\xampp745\htdocs\hpshrc\index.php(76): CodeIgniter\CodeIgniter->run()
#10 {main}
CRITICAL - 2020-10-07 12:03:27 --> Call to undefined function set_checked()
#0 C:\xampp745\htdocs\hpshrc\system\View\View.php(246): include()
#1 C:\xampp745\htdocs\hpshrc\system\Common.php(1052): CodeIgniter\View\View->render('adminside/emplo...', Array, true)
#2 C:\xampp745\htdocs\hpshrc\system\Common.php(1086): view('adminside/emplo...', Array)
#3 C:\xampp745\htdocs\hpshrc\App\Controllers\Employee_a.php(164): admin_view('adminside/emplo...', Array)
#4 C:\xampp745\htdocs\hpshrc\system\CodeIgniter.php(918): App\Controllers\Employee_a->edit_employee('1')
#5 C:\xampp745\htdocs\hpshrc\system\CodeIgniter.php(404): CodeIgniter\CodeIgniter->runController(Object(App\Controllers\Employee_a))
#6 C:\xampp745\htdocs\hpshrc\system\CodeIgniter.php(312): CodeIgniter\CodeIgniter->handleRequest(NULL, Object(Config\Cache), false)
#7 C:\xampp745\htdocs\hpshrc\index.php(76): CodeIgniter\CodeIgniter->run()
#8 {main}
CRITICAL - 2020-10-07 12:04:18 --> Call to undefined function set_checked()
#0 C:\xampp745\htdocs\hpshrc\system\View\View.php(246): include()
#1 C:\xampp745\htdocs\hpshrc\system\Common.php(1052): CodeIgniter\View\View->render('adminside/emplo...', Array, true)
#2 C:\xampp745\htdocs\hpshrc\system\Common.php(1086): view('adminside/emplo...', Array)
#3 C:\xampp745\htdocs\hpshrc\App\Controllers\Employee_a.php(164): admin_view('adminside/emplo...', Array)
#4 C:\xampp745\htdocs\hpshrc\system\CodeIgniter.php(918): App\Controllers\Employee_a->edit_employee('1')
#5 C:\xampp745\htdocs\hpshrc\system\CodeIgniter.php(404): CodeIgniter\CodeIgniter->runController(Object(App\Controllers\Employee_a))
#6 C:\xampp745\htdocs\hpshrc\system\CodeIgniter.php(312): CodeIgniter\CodeIgniter->handleRequest(NULL, Object(Config\Cache), false)
#7 C:\xampp745\htdocs\hpshrc\index.php(76): CodeIgniter\CodeIgniter->run()
#8 {main}
CRITICAL - 2020-10-07 12:20:13 --> Class 'files' not found
#0 C:\xampp745\htdocs\hpshrc\system\Config\BaseService.php(123): CodeIgniter\Config\Services::session(Object(Config\App), false)
#1 C:\xampp745\htdocs\hpshrc\system\Config\Services.php(769): CodeIgniter\Config\BaseService::getSharedInstance('session', NULL)
#2 C:\xampp745\htdocs\hpshrc\system\HTTP\RedirectResponse.php(229): CodeIgniter\Config\Services::session()
#3 C:\xampp745\htdocs\hpshrc\system\HTTP\RedirectResponse.php(111): CodeIgniter\HTTP\RedirectResponse->ensureSession()
#4 C:\xampp745\htdocs\hpshrc\system\Filters\CSRF.php(94): CodeIgniter\HTTP\RedirectResponse->back()
#5 C:\xampp745\htdocs\hpshrc\system\Filters\Filters.php(173): CodeIgniter\Filters\CSRF->before(Object(CodeIgniter\HTTP\IncomingRequest), NULL)
#6 C:\xampp745\htdocs\hpshrc\system\CodeIgniter.php(382): CodeIgniter\Filters\Filters->run('admin-employee-...', 'before')
#7 C:\xampp745\htdocs\hpshrc\system\CodeIgniter.php(312): CodeIgniter\CodeIgniter->handleRequest(NULL, Object(Config\Cache), false)
#8 C:\xampp745\htdocs\hpshrc\index.php(76): CodeIgniter\CodeIgniter->run()
#9 {main}
CRITICAL - 2020-10-07 12:24:09 --> Call to undefined function set_checked()
#0 C:\xampp745\htdocs\hpshrc\system\View\View.php(246): include()
#1 C:\xampp745\htdocs\hpshrc\system\Common.php(1052): CodeIgniter\View\View->render('adminside/emplo...', Array, true)
#2 C:\xampp745\htdocs\hpshrc\system\Common.php(1086): view('adminside/emplo...', Array)
#3 C:\xampp745\htdocs\hpshrc\App\Controllers\Employee_a.php(163): admin_view('adminside/emplo...', Array)
#4 C:\xampp745\htdocs\hpshrc\system\CodeIgniter.php(918): App\Controllers\Employee_a->edit_employee('4')
#5 C:\xampp745\htdocs\hpshrc\system\CodeIgniter.php(404): CodeIgniter\CodeIgniter->runController(Object(App\Controllers\Employee_a))
#6 C:\xampp745\htdocs\hpshrc\system\CodeIgniter.php(312): CodeIgniter\CodeIgniter->handleRequest(NULL, Object(Config\Cache), false)
#7 C:\xampp745\htdocs\hpshrc\index.php(76): CodeIgniter\CodeIgniter->run()
#8 {main}
CRITICAL - 2020-10-07 12:25:21 --> Call to undefined function set_checked()
#0 C:\xampp745\htdocs\hpshrc\system\View\View.php(246): include()
#1 C:\xampp745\htdocs\hpshrc\system\Common.php(1052): CodeIgniter\View\View->render('adminside/emplo...', Array, true)
#2 C:\xampp745\htdocs\hpshrc\system\Common.php(1086): view('adminside/emplo...', Array)
#3 C:\xampp745\htdocs\hpshrc\App\Controllers\Employee_a.php(162): admin_view('adminside/emplo...', Array)
#4 C:\xampp745\htdocs\hpshrc\system\CodeIgniter.php(918): App\Controllers\Employee_a->edit_employee('4')
#5 C:\xampp745\htdocs\hpshrc\system\CodeIgniter.php(404): CodeIgniter\CodeIgniter->runController(Object(App\Controllers\Employee_a))
#6 C:\xampp745\htdocs\hpshrc\system\CodeIgniter.php(312): CodeIgniter\CodeIgniter->handleRequest(NULL, Object(Config\Cache), false)
#7 C:\xampp745\htdocs\hpshrc\index.php(76): CodeIgniter\CodeIgniter->run()
#8 {main}
CRITICAL - 2020-10-07 12:25:27 --> Call to undefined function set_checked()
#0 C:\xampp745\htdocs\hpshrc\system\View\View.php(246): include()
#1 C:\xampp745\htdocs\hpshrc\system\Common.php(1052): CodeIgniter\View\View->render('adminside/emplo...', Array, true)
#2 C:\xampp745\htdocs\hpshrc\system\Common.php(1086): view('adminside/emplo...', Array)
#3 C:\xampp745\htdocs\hpshrc\App\Controllers\Employee_a.php(162): admin_view('adminside/emplo...', Array)
#4 C:\xampp745\htdocs\hpshrc\system\CodeIgniter.php(918): App\Controllers\Employee_a->edit_employee('1')
#5 C:\xampp745\htdocs\hpshrc\system\CodeIgniter.php(404): CodeIgniter\CodeIgniter->runController(Object(App\Controllers\Employee_a))
#6 C:\xampp745\htdocs\hpshrc\system\CodeIgniter.php(312): CodeIgniter\CodeIgniter->handleRequest(NULL, Object(Config\Cache), false)
#7 C:\xampp745\htdocs\hpshrc\index.php(76): CodeIgniter\CodeIgniter->run()
#8 {main}
CRITICAL - 2020-10-07 12:26:34 --> Call to undefined function set_checked()
#0 C:\xampp745\htdocs\hpshrc\system\View\View.php(246): include()
#1 C:\xampp745\htdocs\hpshrc\system\Common.php(1052): CodeIgniter\View\View->render('adminside/emplo...', Array, true)
#2 C:\xampp745\htdocs\hpshrc\system\Common.php(1086): view('adminside/emplo...', Array)
#3 C:\xampp745\htdocs\hpshrc\App\Controllers\Employee_a.php(162): admin_view('adminside/emplo...', Array)
#4 C:\xampp745\htdocs\hpshrc\system\CodeIgniter.php(918): App\Controllers\Employee_a->edit_employee('1')
#5 C:\xampp745\htdocs\hpshrc\system\CodeIgniter.php(404): CodeIgniter\CodeIgniter->runController(Object(App\Controllers\Employee_a))
#6 C:\xampp745\htdocs\hpshrc\system\CodeIgniter.php(312): CodeIgniter\CodeIgniter->handleRequest(NULL, Object(Config\Cache), false)
#7 C:\xampp745\htdocs\hpshrc\index.php(76): CodeIgniter\CodeIgniter->run()
#8 {main}
CRITICAL - 2020-10-07 12:29:26 --> Call to undefined function set_checked()
#0 C:\xampp745\htdocs\hpshrc\system\View\View.php(246): include()
#1 C:\xampp745\htdocs\hpshrc\system\Common.php(1052): CodeIgniter\View\View->render('adminside/emplo...', Array, true)
#2 C:\xampp745\htdocs\hpshrc\system\Common.php(1086): view('adminside/emplo...', Array)
#3 C:\xampp745\htdocs\hpshrc\App\Controllers\Employee_a.php(162): admin_view('adminside/emplo...', Array)
#4 C:\xampp745\htdocs\hpshrc\system\CodeIgniter.php(918): App\Controllers\Employee_a->edit_employee('1')
#5 C:\xampp745\htdocs\hpshrc\system\CodeIgniter.php(404): CodeIgniter\CodeIgniter->runController(Object(App\Controllers\Employee_a))
#6 C:\xampp745\htdocs\hpshrc\system\CodeIgniter.php(312): CodeIgniter\CodeIgniter->handleRequest(NULL, Object(Config\Cache), false)
#7 C:\xampp745\htdocs\hpshrc\index.php(76): CodeIgniter\CodeIgniter->run()
#8 {main}
CRITICAL - 2020-10-07 12:31:10 --> Call to undefined function set_checked()
#0 C:\xampp745\htdocs\hpshrc\system\View\View.php(246): include()
#1 C:\xampp745\htdocs\hpshrc\system\Common.php(1052): CodeIgniter\View\View->render('adminside/emplo...', Array, true)
#2 C:\xampp745\htdocs\hpshrc\system\Common.php(1086): view('adminside/emplo...', Array)
#3 C:\xampp745\htdocs\hpshrc\App\Controllers\Employee_a.php(162): admin_view('adminside/emplo...', Array)
#4 C:\xampp745\htdocs\hpshrc\system\CodeIgniter.php(918): App\Controllers\Employee_a->edit_employee('1')
#5 C:\xampp745\htdocs\hpshrc\system\CodeIgniter.php(404): CodeIgniter\CodeIgniter->runController(Object(App\Controllers\Employee_a))
#6 C:\xampp745\htdocs\hpshrc\system\CodeIgniter.php(312): CodeIgniter\CodeIgniter->handleRequest(NULL, Object(Config\Cache), false)
#7 C:\xampp745\htdocs\hpshrc\index.php(76): CodeIgniter\CodeIgniter->run()
#8 {main}
CRITICAL - 2020-10-07 12:44:52 --> Undefined offset: 2
#0 C:\xampp745\htdocs\hpshrc\App\Controllers\Employee_a.php(141): CodeIgniter\Debug\Exceptions->errorHandler(8, 'Undefined offse...', 'C:\\xampp745\\htd...', 141, Array)
#1 C:\xampp745\htdocs\hpshrc\system\CodeIgniter.php(918): App\Controllers\Employee_a->edit_employee('1')
#2 C:\xampp745\htdocs\hpshrc\system\CodeIgniter.php(404): CodeIgniter\CodeIgniter->runController(Object(App\Controllers\Employee_a))
#3 C:\xampp745\htdocs\hpshrc\system\CodeIgniter.php(312): CodeIgniter\CodeIgniter->handleRequest(NULL, Object(Config\Cache), false)
#4 C:\xampp745\htdocs\hpshrc\index.php(76): CodeIgniter\CodeIgniter->run()
#5 {main}
