CRITICAL - 2020-10-17 17:37:14 --> ini_set(): A session is active. You cannot change the session module's ini settings at this time
#0 [internal function]: CodeIgniter\Debug\Exceptions->errorHandler(2, 'ini_set(): A se...', 'C:\\xampp745\\htd...', 403, Array)
#1 C:\xampp745\htdocs\aaradhya1\system\Session\Handlers\FileHandler.php(403): ini_set('session.sid_len...', '32')
#2 C:\xampp745\htdocs\aaradhya1\system\Session\Handlers\FileHandler.php(117): CodeIgniter\Session\Handlers\FileHandler->configureSessionIDRegex()
#3 C:\xampp745\htdocs\aaradhya1\system\Config\Services.php(780): CodeIgniter\Session\Handlers\FileHandler->__construct(Object(Config\App), '::1')
#4 C:\xampp745\htdocs\aaradhya1\system\Config\BaseService.php(123): CodeIgniter\Config\Services::session(Object(Config\App), false)
#5 C:\xampp745\htdocs\aaradhya1\system\Config\Services.php(769): CodeIgniter\Config\BaseService::getSharedInstance('session', NULL)
#6 C:\xampp745\htdocs\aaradhya1\app\Controllers\Elogin_c.php(11): CodeIgniter\Config\Services::session()
#7 C:\xampp745\htdocs\aaradhya1\system\CodeIgniter.php(890): App\Controllers\Elogin_c->__construct()
#8 C:\xampp745\htdocs\aaradhya1\system\CodeIgniter.php(399): CodeIgniter\CodeIgniter->createController()
#9 C:\xampp745\htdocs\aaradhya1\system\CodeIgniter.php(312): CodeIgniter\CodeIgniter->handleRequest(NULL, Object(Config\Cache), false)
#10 C:\xampp745\htdocs\aaradhya1\index.php(62): CodeIgniter\CodeIgniter->run()
#11 {main}
CRITICAL - 2020-10-17 17:39:00 --> Unable to connect to the database.
#0 C:\xampp745\htdocs\aaradhya1\system\Database\BaseConnection.php(646): CodeIgniter\Database\BaseConnection->initialize()
#1 C:\xampp745\htdocs\aaradhya1\app\Models\Employeem\Login_m.php(17): CodeIgniter\Database\BaseConnection->query('SELECT * FROM `...')
#2 C:\xampp745\htdocs\aaradhya1\app\Controllers\Elogin_c.php(27): App\Models\Employeem\Login_m->employee_login_select('admin@gmail.com', '202cb962ac59075...')
#3 C:\xampp745\htdocs\aaradhya1\system\CodeIgniter.php(918): App\Controllers\Elogin_c->index()
#4 C:\xampp745\htdocs\aaradhya1\system\CodeIgniter.php(404): CodeIgniter\CodeIgniter->runController(Object(App\Controllers\Elogin_c))
#5 C:\xampp745\htdocs\aaradhya1\system\CodeIgniter.php(312): CodeIgniter\CodeIgniter->handleRequest(NULL, Object(Config\Cache), false)
#6 C:\xampp745\htdocs\aaradhya1\index.php(62): CodeIgniter\CodeIgniter->run()
#7 {main}
