CRITICAL - 2020-10-09 13:31:01 --> ini_set(): A session is active. You cannot change the session module's ini settings at this time
#0 [internal function]: CodeIgniter\Debug\Exceptions->errorHandler(2, 'ini_set(): A se...', 'C:\\xampp745\\htd...', 101, Array)
#1 C:\xampp745\htdocs\aaradhya\system\Session\Handlers\FileHandler.php(101): ini_set('session.save_pa...', 'C:\\xampp745\\htd...')
#2 C:\xampp745\htdocs\aaradhya\system\Config\Services.php(780): CodeIgniter\Session\Handlers\FileHandler->__construct(Object(Config\App), '::1')
#3 C:\xampp745\htdocs\aaradhya\system\Config\BaseService.php(123): CodeIgniter\Config\Services::session(Object(Config\App), false)
#4 C:\xampp745\htdocs\aaradhya\system\Config\Services.php(769): CodeIgniter\Config\BaseService::getSharedInstance('session', NULL)
#5 C:\xampp745\htdocs\aaradhya\app\Controllers\BaseController.php(39): CodeIgniter\Config\Services::session()
#6 C:\xampp745\htdocs\aaradhya\system\CodeIgniter.php(891): App\Controllers\BaseController->initController(Object(CodeIgniter\HTTP\IncomingRequest), Object(CodeIgniter\HTTP\Response), Object(CodeIgniter\Log\Logger))
#7 C:\xampp745\htdocs\aaradhya\system\CodeIgniter.php(399): CodeIgniter\CodeIgniter->createController()
#8 C:\xampp745\htdocs\aaradhya\system\CodeIgniter.php(312): CodeIgniter\CodeIgniter->handleRequest(NULL, Object(Config\Cache), false)
#9 C:\xampp745\htdocs\aaradhya\index.php(77): CodeIgniter\CodeIgniter->run()
#10 {main}
CRITICAL - 2020-10-09 21:41:37 --> Class '\system\Session\Handlers\FileHandler' not found
#0 C:\xampp745\htdocs\aaradhya\system\Config\BaseService.php(123): CodeIgniter\Config\Services::session(Object(Config\App), false)
#1 C:\xampp745\htdocs\aaradhya\system\Config\Services.php(769): CodeIgniter\Config\BaseService::getSharedInstance('session', NULL)
#2 C:\xampp745\htdocs\aaradhya\app\Controllers\BaseController.php(44): CodeIgniter\Config\Services::session()
#3 C:\xampp745\htdocs\aaradhya\system\CodeIgniter.php(891): App\Controllers\BaseController->initController(Object(CodeIgniter\HTTP\IncomingRequest), Object(CodeIgniter\HTTP\Response), Object(CodeIgniter\Log\Logger))
#4 C:\xampp745\htdocs\aaradhya\system\CodeIgniter.php(399): CodeIgniter\CodeIgniter->createController()
#5 C:\xampp745\htdocs\aaradhya\system\CodeIgniter.php(312): CodeIgniter\CodeIgniter->handleRequest(NULL, Object(Config\Cache), false)
#6 C:\xampp745\htdocs\aaradhya\index.php(77): CodeIgniter\CodeIgniter->run()
#7 {main}
CRITICAL - 2020-10-09 21:41:51 --> ini_set(): A session is active. You cannot change the session module's ini settings at this time
#0 [internal function]: CodeIgniter\Debug\Exceptions->errorHandler(2, 'ini_set(): A se...', 'C:\\xampp745\\htd...', 101, Array)
#1 C:\xampp745\htdocs\aaradhya\system\Session\Handlers\FileHandler.php(101): ini_set('session.save_pa...', 'C:\\xampp745\\htd...')
#2 C:\xampp745\htdocs\aaradhya\system\Config\Services.php(780): CodeIgniter\Session\Handlers\FileHandler->__construct(Object(Config\App), '::1')
#3 C:\xampp745\htdocs\aaradhya\system\Config\BaseService.php(123): CodeIgniter\Config\Services::session(Object(Config\App), false)
#4 C:\xampp745\htdocs\aaradhya\system\Config\Services.php(769): CodeIgniter\Config\BaseService::getSharedInstance('session', NULL)
#5 C:\xampp745\htdocs\aaradhya\app\Controllers\BaseController.php(44): CodeIgniter\Config\Services::session()
#6 C:\xampp745\htdocs\aaradhya\system\CodeIgniter.php(891): App\Controllers\BaseController->initController(Object(CodeIgniter\HTTP\IncomingRequest), Object(CodeIgniter\HTTP\Response), Object(CodeIgniter\Log\Logger))
#7 C:\xampp745\htdocs\aaradhya\system\CodeIgniter.php(399): CodeIgniter\CodeIgniter->createController()
#8 C:\xampp745\htdocs\aaradhya\system\CodeIgniter.php(312): CodeIgniter\CodeIgniter->handleRequest(NULL, Object(Config\Cache), false)
#9 C:\xampp745\htdocs\aaradhya\index.php(77): CodeIgniter\CodeIgniter->run()
#10 {main}
CRITICAL - 2020-10-09 21:41:57 --> ini_set(): A session is active. You cannot change the session module's ini settings at this time
#0 [internal function]: CodeIgniter\Debug\Exceptions->errorHandler(2, 'ini_set(): A se...', 'C:\\xampp745\\htd...', 101, Array)
#1 C:\xampp745\htdocs\aaradhya\system\Session\Handlers\FileHandler.php(101): ini_set('session.save_pa...', 'C:\\xampp745\\htd...')
#2 C:\xampp745\htdocs\aaradhya\system\Config\Services.php(780): CodeIgniter\Session\Handlers\FileHandler->__construct(Object(Config\App), '::1')
#3 C:\xampp745\htdocs\aaradhya\system\Config\BaseService.php(123): CodeIgniter\Config\Services::session(Object(Config\App), false)
#4 C:\xampp745\htdocs\aaradhya\system\Config\Services.php(769): CodeIgniter\Config\BaseService::getSharedInstance('session', NULL)
#5 C:\xampp745\htdocs\aaradhya\app\Controllers\BaseController.php(44): CodeIgniter\Config\Services::session()
#6 C:\xampp745\htdocs\aaradhya\system\CodeIgniter.php(891): App\Controllers\BaseController->initController(Object(CodeIgniter\HTTP\IncomingRequest), Object(CodeIgniter\HTTP\Response), Object(CodeIgniter\Log\Logger))
#7 C:\xampp745\htdocs\aaradhya\system\CodeIgniter.php(399): CodeIgniter\CodeIgniter->createController()
#8 C:\xampp745\htdocs\aaradhya\system\CodeIgniter.php(312): CodeIgniter\CodeIgniter->handleRequest(NULL, Object(Config\Cache), false)
#9 C:\xampp745\htdocs\aaradhya\index.php(77): CodeIgniter\CodeIgniter->run()
#10 {main}
CRITICAL - 2020-10-09 21:42:05 --> ini_set(): A session is active. You cannot change the session module's ini settings at this time
#0 [internal function]: CodeIgniter\Debug\Exceptions->errorHandler(2, 'ini_set(): A se...', 'C:\\xampp745\\htd...', 101, Array)
#1 C:\xampp745\htdocs\aaradhya\system\Session\Handlers\FileHandler.php(101): ini_set('session.save_pa...', 'C:\\xampp745\\htd...')
#2 C:\xampp745\htdocs\aaradhya\system\Config\Services.php(780): CodeIgniter\Session\Handlers\FileHandler->__construct(Object(Config\App), '::1')
#3 C:\xampp745\htdocs\aaradhya\system\Config\BaseService.php(123): CodeIgniter\Config\Services::session(Object(Config\App), false)
#4 C:\xampp745\htdocs\aaradhya\system\Config\Services.php(769): CodeIgniter\Config\BaseService::getSharedInstance('session', NULL)
#5 C:\xampp745\htdocs\aaradhya\app\Controllers\BaseController.php(44): CodeIgniter\Config\Services::session()
#6 C:\xampp745\htdocs\aaradhya\system\CodeIgniter.php(891): App\Controllers\BaseController->initController(Object(CodeIgniter\HTTP\IncomingRequest), Object(CodeIgniter\HTTP\Response), Object(CodeIgniter\Log\Logger))
#7 C:\xampp745\htdocs\aaradhya\system\CodeIgniter.php(399): CodeIgniter\CodeIgniter->createController()
#8 C:\xampp745\htdocs\aaradhya\system\CodeIgniter.php(312): CodeIgniter\CodeIgniter->handleRequest(NULL, Object(Config\Cache), false)
#9 C:\xampp745\htdocs\aaradhya\index.php(77): CodeIgniter\CodeIgniter->run()
#10 {main}
CRITICAL - 2020-10-09 21:42:09 --> ini_set(): A session is active. You cannot change the session module's ini settings at this time
#0 [internal function]: CodeIgniter\Debug\Exceptions->errorHandler(2, 'ini_set(): A se...', 'C:\\xampp745\\htd...', 101, Array)
#1 C:\xampp745\htdocs\aaradhya\system\Session\Handlers\FileHandler.php(101): ini_set('session.save_pa...', 'C:\\xampp745\\htd...')
#2 C:\xampp745\htdocs\aaradhya\system\Config\Services.php(780): CodeIgniter\Session\Handlers\FileHandler->__construct(Object(Config\App), '::1')
#3 C:\xampp745\htdocs\aaradhya\system\Config\BaseService.php(123): CodeIgniter\Config\Services::session(Object(Config\App), false)
#4 C:\xampp745\htdocs\aaradhya\system\Config\Services.php(769): CodeIgniter\Config\BaseService::getSharedInstance('session', NULL)
#5 C:\xampp745\htdocs\aaradhya\app\Controllers\BaseController.php(44): CodeIgniter\Config\Services::session()
#6 C:\xampp745\htdocs\aaradhya\system\CodeIgniter.php(891): App\Controllers\BaseController->initController(Object(CodeIgniter\HTTP\IncomingRequest), Object(CodeIgniter\HTTP\Response), Object(CodeIgniter\Log\Logger))
#7 C:\xampp745\htdocs\aaradhya\system\CodeIgniter.php(399): CodeIgniter\CodeIgniter->createController()
#8 C:\xampp745\htdocs\aaradhya\system\CodeIgniter.php(312): CodeIgniter\CodeIgniter->handleRequest(NULL, Object(Config\Cache), false)
#9 C:\xampp745\htdocs\aaradhya\index.php(77): CodeIgniter\CodeIgniter->run()
#10 {main}
CRITICAL - 2020-10-09 21:42:22 --> Class 'files' not found
#0 C:\xampp745\htdocs\aaradhya\system\Config\BaseService.php(123): CodeIgniter\Config\Services::session(Object(Config\App), false)
#1 C:\xampp745\htdocs\aaradhya\system\Config\Services.php(769): CodeIgniter\Config\BaseService::getSharedInstance('session', NULL)
#2 C:\xampp745\htdocs\aaradhya\app\Controllers\BaseController.php(44): CodeIgniter\Config\Services::session()
#3 C:\xampp745\htdocs\aaradhya\system\CodeIgniter.php(891): App\Controllers\BaseController->initController(Object(CodeIgniter\HTTP\IncomingRequest), Object(CodeIgniter\HTTP\Response), Object(CodeIgniter\Log\Logger))
#4 C:\xampp745\htdocs\aaradhya\system\CodeIgniter.php(399): CodeIgniter\CodeIgniter->createController()
#5 C:\xampp745\htdocs\aaradhya\system\CodeIgniter.php(312): CodeIgniter\CodeIgniter->handleRequest(NULL, Object(Config\Cache), false)
#6 C:\xampp745\htdocs\aaradhya\index.php(77): CodeIgniter\CodeIgniter->run()
#7 {main}
CRITICAL - 2020-10-09 21:42:34 --> Class 'files' not found
#0 C:\xampp745\htdocs\aaradhya\system\Config\BaseService.php(123): CodeIgniter\Config\Services::session(Object(Config\App), false)
#1 C:\xampp745\htdocs\aaradhya\system\Config\Services.php(769): CodeIgniter\Config\BaseService::getSharedInstance('session', NULL)
#2 C:\xampp745\htdocs\aaradhya\app\Controllers\BaseController.php(44): CodeIgniter\Config\Services::session()
#3 C:\xampp745\htdocs\aaradhya\system\CodeIgniter.php(891): App\Controllers\BaseController->initController(Object(CodeIgniter\HTTP\IncomingRequest), Object(CodeIgniter\HTTP\Response), Object(CodeIgniter\Log\Logger))
#4 C:\xampp745\htdocs\aaradhya\system\CodeIgniter.php(399): CodeIgniter\CodeIgniter->createController()
#5 C:\xampp745\htdocs\aaradhya\system\CodeIgniter.php(312): CodeIgniter\CodeIgniter->handleRequest(NULL, Object(Config\Cache), false)
#6 C:\xampp745\htdocs\aaradhya\index.php(77): CodeIgniter\CodeIgniter->run()
#7 {main}
CRITICAL - 2020-10-09 21:42:36 --> Class 'files' not found
#0 C:\xampp745\htdocs\aaradhya\system\Config\BaseService.php(123): CodeIgniter\Config\Services::session(Object(Config\App), false)
#1 C:\xampp745\htdocs\aaradhya\system\Config\Services.php(769): CodeIgniter\Config\BaseService::getSharedInstance('session', NULL)
#2 C:\xampp745\htdocs\aaradhya\app\Controllers\BaseController.php(44): CodeIgniter\Config\Services::session()
#3 C:\xampp745\htdocs\aaradhya\system\CodeIgniter.php(891): App\Controllers\BaseController->initController(Object(CodeIgniter\HTTP\IncomingRequest), Object(CodeIgniter\HTTP\Response), Object(CodeIgniter\Log\Logger))
#4 C:\xampp745\htdocs\aaradhya\system\CodeIgniter.php(399): CodeIgniter\CodeIgniter->createController()
#5 C:\xampp745\htdocs\aaradhya\system\CodeIgniter.php(312): CodeIgniter\CodeIgniter->handleRequest(NULL, Object(Config\Cache), false)
#6 C:\xampp745\htdocs\aaradhya\index.php(77): CodeIgniter\CodeIgniter->run()
#7 {main}
CRITICAL - 2020-10-09 21:42:38 --> Class 'files' not found
#0 C:\xampp745\htdocs\aaradhya\system\Config\BaseService.php(123): CodeIgniter\Config\Services::session(Object(Config\App), false)
#1 C:\xampp745\htdocs\aaradhya\system\Config\Services.php(769): CodeIgniter\Config\BaseService::getSharedInstance('session', NULL)
#2 C:\xampp745\htdocs\aaradhya\app\Controllers\BaseController.php(44): CodeIgniter\Config\Services::session()
#3 C:\xampp745\htdocs\aaradhya\system\CodeIgniter.php(891): App\Controllers\BaseController->initController(Object(CodeIgniter\HTTP\IncomingRequest), Object(CodeIgniter\HTTP\Response), Object(CodeIgniter\Log\Logger))
#4 C:\xampp745\htdocs\aaradhya\system\CodeIgniter.php(399): CodeIgniter\CodeIgniter->createController()
#5 C:\xampp745\htdocs\aaradhya\system\CodeIgniter.php(312): CodeIgniter\CodeIgniter->handleRequest(NULL, Object(Config\Cache), false)
#6 C:\xampp745\htdocs\aaradhya\index.php(77): CodeIgniter\CodeIgniter->run()
#7 {main}
CRITICAL - 2020-10-09 21:42:48 --> Class 'files' not found
#0 C:\xampp745\htdocs\aaradhya\system\Config\BaseService.php(123): CodeIgniter\Config\Services::session(Object(Config\App), false)
#1 C:\xampp745\htdocs\aaradhya\system\Config\Services.php(769): CodeIgniter\Config\BaseService::getSharedInstance('session', NULL)
#2 C:\xampp745\htdocs\aaradhya\app\Controllers\BaseController.php(44): CodeIgniter\Config\Services::session()
#3 C:\xampp745\htdocs\aaradhya\system\CodeIgniter.php(891): App\Controllers\BaseController->initController(Object(CodeIgniter\HTTP\IncomingRequest), Object(CodeIgniter\HTTP\Response), Object(CodeIgniter\Log\Logger))
#4 C:\xampp745\htdocs\aaradhya\system\CodeIgniter.php(399): CodeIgniter\CodeIgniter->createController()
#5 C:\xampp745\htdocs\aaradhya\system\CodeIgniter.php(312): CodeIgniter\CodeIgniter->handleRequest(NULL, Object(Config\Cache), false)
#6 C:\xampp745\htdocs\aaradhya\index.php(77): CodeIgniter\CodeIgniter->run()
#7 {main}
CRITICAL - 2020-10-09 21:42:51 --> Class 'files' not found
#0 C:\xampp745\htdocs\aaradhya\system\Config\BaseService.php(123): CodeIgniter\Config\Services::session(Object(Config\App), false)
#1 C:\xampp745\htdocs\aaradhya\system\Config\Services.php(769): CodeIgniter\Config\BaseService::getSharedInstance('session', NULL)
#2 C:\xampp745\htdocs\aaradhya\app\Controllers\BaseController.php(44): CodeIgniter\Config\Services::session()
#3 C:\xampp745\htdocs\aaradhya\system\CodeIgniter.php(891): App\Controllers\BaseController->initController(Object(CodeIgniter\HTTP\IncomingRequest), Object(CodeIgniter\HTTP\Response), Object(CodeIgniter\Log\Logger))
#4 C:\xampp745\htdocs\aaradhya\system\CodeIgniter.php(399): CodeIgniter\CodeIgniter->createController()
#5 C:\xampp745\htdocs\aaradhya\system\CodeIgniter.php(312): CodeIgniter\CodeIgniter->handleRequest(NULL, Object(Config\Cache), false)
#6 C:\xampp745\htdocs\aaradhya\index.php(77): CodeIgniter\CodeIgniter->run()
#7 {main}
CRITICAL - 2020-10-09 21:43:38 --> Class 'files' not found
#0 C:\xampp745\htdocs\aaradhya\system\Config\BaseService.php(123): CodeIgniter\Config\Services::session(Object(Config\App), false)
#1 C:\xampp745\htdocs\aaradhya\system\Config\Services.php(769): CodeIgniter\Config\BaseService::getSharedInstance('session', NULL)
#2 C:\xampp745\htdocs\aaradhya\app\Controllers\BaseController.php(44): CodeIgniter\Config\Services::session()
#3 C:\xampp745\htdocs\aaradhya\system\CodeIgniter.php(891): App\Controllers\BaseController->initController(Object(CodeIgniter\HTTP\IncomingRequest), Object(CodeIgniter\HTTP\Response), Object(CodeIgniter\Log\Logger))
#4 C:\xampp745\htdocs\aaradhya\system\CodeIgniter.php(399): CodeIgniter\CodeIgniter->createController()
#5 C:\xampp745\htdocs\aaradhya\system\CodeIgniter.php(312): CodeIgniter\CodeIgniter->handleRequest(NULL, Object(Config\Cache), false)
#6 C:\xampp745\htdocs\aaradhya\index.php(77): CodeIgniter\CodeIgniter->run()
#7 {main}
