CRITICAL - 2020-10-14 10:46:31 --> ini_set(): A session is active. You cannot change the session module's ini settings at this time
#0 [internal function]: CodeIgniter\Debug\Exceptions->errorHandler(2, 'ini_set(): A se...', '/home/knebxnii/...', 108, Array)
#1 /home/knebxnii/public_html/aaradhya1/system/Session/Handlers/FileHandler.php(108): ini_set('session.save_pa...', '/home/knebxnii/...')
#2 /home/knebxnii/public_html/aaradhya1/system/Config/Services.php(732): CodeIgniter\Session\Handlers\FileHandler->__construct(Object(Config\App), '157.32.255.164')
#3 /home/knebxnii/public_html/aaradhya1/system/Config/BaseService.php(123): CodeIgniter\Config\Services::session(Object(Config\App), false)
#4 /home/knebxnii/public_html/aaradhya1/system/Config/Services.php(725): CodeIgniter\Config\BaseService::getSharedInstance('session', NULL)
#5 /home/knebxnii/public_html/aaradhya1/system/HTTP/RedirectResponse.php(110): CodeIgniter\Config\Services::session()
#6 /home/knebxnii/public_html/aaradhya1/system/Filters/CSRF.php(94): CodeIgniter\HTTP\RedirectResponse->back()
#7 /home/knebxnii/public_html/aaradhya1/system/Filters/Filters.php(209): CodeIgniter\Filters\CSRF->before(Object(CodeIgniter\HTTP\IncomingRequest), NULL)
#8 /home/knebxnii/public_html/aaradhya1/system/CodeIgniter.php(427): CodeIgniter\Filters\Filters->run('employee-custom...', 'before')
#9 /home/knebxnii/public_html/aaradhya1/system/CodeIgniter.php(357): CodeIgniter\CodeIgniter->handleRequest(NULL, Object(Config\Cache), false)
#10 /home/knebxnii/public_html/aaradhya1/index.php(62): CodeIgniter\CodeIgniter->run()
#11 {main}
CRITICAL - 2020-10-14 10:46:35 --> ini_set(): A session is active. You cannot change the session module's ini settings at this time
#0 [internal function]: CodeIgniter\Debug\Exceptions->errorHandler(2, 'ini_set(): A se...', '/home/knebxnii/...', 108, Array)
#1 /home/knebxnii/public_html/aaradhya1/system/Session/Handlers/FileHandler.php(108): ini_set('session.save_pa...', '/home/knebxnii/...')
#2 /home/knebxnii/public_html/aaradhya1/system/Config/Services.php(732): CodeIgniter\Session\Handlers\FileHandler->__construct(Object(Config\App), '157.32.255.164')
#3 /home/knebxnii/public_html/aaradhya1/system/Config/BaseService.php(123): CodeIgniter\Config\Services::session(Object(Config\App), false)
#4 /home/knebxnii/public_html/aaradhya1/system/Config/Services.php(725): CodeIgniter\Config\BaseService::getSharedInstance('session', NULL)
#5 /home/knebxnii/public_html/aaradhya1/system/HTTP/RedirectResponse.php(110): CodeIgniter\Config\Services::session()
#6 /home/knebxnii/public_html/aaradhya1/system/Filters/CSRF.php(94): CodeIgniter\HTTP\RedirectResponse->back()
#7 /home/knebxnii/public_html/aaradhya1/system/Filters/Filters.php(209): CodeIgniter\Filters\CSRF->before(Object(CodeIgniter\HTTP\IncomingRequest), NULL)
#8 /home/knebxnii/public_html/aaradhya1/system/CodeIgniter.php(427): CodeIgniter\Filters\Filters->run('employee-custom...', 'before')
#9 /home/knebxnii/public_html/aaradhya1/system/CodeIgniter.php(357): CodeIgniter\CodeIgniter->handleRequest(NULL, Object(Config\Cache), false)
#10 /home/knebxnii/public_html/aaradhya1/index.php(62): CodeIgniter\CodeIgniter->run()
#11 {main}
CRITICAL - 2020-10-14 18:34:02 --> You have an error in your SQL syntax; check the manual that corresponds to your MariaDB server version for the right syntax to use near '@GMAIL.COM) AND customer_email_password = '123' AND customer_status = 'ACTIVE' A' at line 1
#0 /home/knebxnii/public_html/aaradhya1/system/Database/MySQLi/Connection.php(331): mysqli->query('SELECT * FROM `...')
#1 /home/knebxnii/public_html/aaradhya1/system/Database/BaseConnection.php(724): CodeIgniter\Database\MySQLi\Connection->execute('SELECT * FROM `...')
#2 /home/knebxnii/public_html/aaradhya1/system/Database/BaseConnection.php(652): CodeIgniter\Database\BaseConnection->simpleQuery('SELECT * FROM `...')
#3 /home/knebxnii/public_html/aaradhya1/app/Models/Frontm/Login_m.php(14): CodeIgniter\Database\BaseConnection->query('SELECT * FROM `...')
#4 /home/knebxnii/public_html/aaradhya1/app/Controllers/Home_c.php(33): App\Models\Frontm\Login_m->customer_login_select('MIN@GMAIL.COM', '123')
#5 /home/knebxnii/public_html/aaradhya1/system/CodeIgniter.php(964): App\Controllers\Home_c->login()
#6 /home/knebxnii/public_html/aaradhya1/system/CodeIgniter.php(449): CodeIgniter\CodeIgniter->runController(Object(App\Controllers\Home_c))
#7 /home/knebxnii/public_html/aaradhya1/system/CodeIgniter.php(357): CodeIgniter\CodeIgniter->handleRequest(NULL, Object(Config\Cache), false)
#8 /home/knebxnii/public_html/aaradhya1/index.php(62): CodeIgniter\CodeIgniter->run()
#9 {main}
