CRITICAL - 2020-10-10 09:19:48 --> Call to undefined function App\Controllers\single_page()
#0 C:\xampp745\htdocs\aaradhya\system\CodeIgniter.php(918): App\Controllers\Elogin_c->index()
#1 C:\xampp745\htdocs\aaradhya\system\CodeIgniter.php(404): CodeIgniter\CodeIgniter->runController(Object(App\Controllers\Elogin_c))
#2 C:\xampp745\htdocs\aaradhya\system\CodeIgniter.php(312): CodeIgniter\CodeIgniter->handleRequest(NULL, Object(Config\Cache), false)
#3 C:\xampp745\htdocs\aaradhya\index.php(77): CodeIgniter\CodeIgniter->run()
#4 {main}
CRITICAL - 2020-10-10 09:41:29 --> Unable to connect to the database.
#0 /home/knebxnii/public_html/aaradhya1/system/Database/BaseConnection.php(629): CodeIgniter\Database\BaseConnection->initialize()
#1 /home/knebxnii/public_html/aaradhya1/app/Models/Employeem/Login_m.php(15): CodeIgniter\Database\BaseConnection->query('SELECT * FROM `...')
#2 /home/knebxnii/public_html/aaradhya1/app/Controllers/Elogin_c.php(24): App\Models\Employeem\Login_m->employee_login_select('admin@gmail.com', '202cb962ac59075...')
#3 /home/knebxnii/public_html/aaradhya1/system/CodeIgniter.php(964): App\Controllers\Elogin_c->index()
#4 /home/knebxnii/public_html/aaradhya1/system/CodeIgniter.php(449): CodeIgniter\CodeIgniter->runController(Object(App\Controllers\Elogin_c))
#5 /home/knebxnii/public_html/aaradhya1/system/CodeIgniter.php(357): CodeIgniter\CodeIgniter->handleRequest(NULL, Object(Config\Cache), false)
#6 /home/knebxnii/public_html/aaradhya1/index.php(77): CodeIgniter\CodeIgniter->run()
#7 {main}
CRITICAL - 2020-10-10 09:41:45 --> ini_set(): A session is active. You cannot change the session module's ini settings at this time
#0 [internal function]: CodeIgniter\Debug\Exceptions->errorHandler(2, 'ini_set(): A se...', '/home/knebxnii/...', 108, Array)
#1 /home/knebxnii/public_html/aaradhya1/system/Session/Handlers/FileHandler.php(108): ini_set('session.save_pa...', '/home/knebxnii/...')
#2 /home/knebxnii/public_html/aaradhya1/system/Config/Services.php(732): CodeIgniter\Session\Handlers\FileHandler->__construct(Object(Config\App), '49.34.133.176')
#3 /home/knebxnii/public_html/aaradhya1/system/Config/BaseService.php(123): CodeIgniter\Config\Services::session(Object(Config\App), false)
#4 /home/knebxnii/public_html/aaradhya1/system/Config/Services.php(725): CodeIgniter\Config\BaseService::getSharedInstance('session', NULL)
#5 /home/knebxnii/public_html/aaradhya1/system/HTTP/RedirectResponse.php(110): CodeIgniter\Config\Services::session()
#6 /home/knebxnii/public_html/aaradhya1/system/Filters/CSRF.php(94): CodeIgniter\HTTP\RedirectResponse->back()
#7 /home/knebxnii/public_html/aaradhya1/system/Filters/Filters.php(209): CodeIgniter\Filters\CSRF->before(Object(CodeIgniter\HTTP\IncomingRequest), NULL)
#8 /home/knebxnii/public_html/aaradhya1/system/CodeIgniter.php(427): CodeIgniter\Filters\Filters->run('employee-login', 'before')
#9 /home/knebxnii/public_html/aaradhya1/system/CodeIgniter.php(357): CodeIgniter\CodeIgniter->handleRequest(NULL, Object(Config\Cache), false)
#10 /home/knebxnii/public_html/aaradhya1/index.php(77): CodeIgniter\CodeIgniter->run()
#11 {main}
CRITICAL - 2020-10-10 09:43:20 --> Unable to connect to the database.
#0 /home/knebxnii/public_html/aaradhya1/system/Database/BaseConnection.php(629): CodeIgniter\Database\BaseConnection->initialize()
#1 /home/knebxnii/public_html/aaradhya1/app/Models/Employeem/Login_m.php(15): CodeIgniter\Database\BaseConnection->query('SELECT * FROM `...')
#2 /home/knebxnii/public_html/aaradhya1/app/Controllers/Elogin_c.php(24): App\Models\Employeem\Login_m->employee_login_select('admin@gmail.com', '202cb962ac59075...')
#3 /home/knebxnii/public_html/aaradhya1/system/CodeIgniter.php(964): App\Controllers\Elogin_c->index()
#4 /home/knebxnii/public_html/aaradhya1/system/CodeIgniter.php(449): CodeIgniter\CodeIgniter->runController(Object(App\Controllers\Elogin_c))
#5 /home/knebxnii/public_html/aaradhya1/system/CodeIgniter.php(357): CodeIgniter\CodeIgniter->handleRequest(NULL, Object(Config\Cache), false)
#6 /home/knebxnii/public_html/aaradhya1/index.php(71): CodeIgniter\CodeIgniter->run()
#7 {main}
CRITICAL - 2020-10-10 14:50:58 --> ini_set(): A session is active. You cannot change the session module's ini settings at this time
#0 [internal function]: CodeIgniter\Debug\Exceptions->errorHandler(2, 'ini_set(): A se...', 'C:\\xampp745\\htd...', 108, Array)
#1 C:\xampp745\htdocs\aaradhya\system\Session\Handlers\FileHandler.php(108): ini_set('session.save_pa...', 'C:\\xampp745\\htd...')
#2 C:\xampp745\htdocs\aaradhya\system\Config\Services.php(732): CodeIgniter\Session\Handlers\FileHandler->__construct(Object(Config\App), '::1')
#3 C:\xampp745\htdocs\aaradhya\system\Config\BaseService.php(123): CodeIgniter\Config\Services::session(Object(Config\App), false)
#4 C:\xampp745\htdocs\aaradhya\system\Config\Services.php(725): CodeIgniter\Config\BaseService::getSharedInstance('session', NULL)
#5 C:\xampp745\htdocs\aaradhya\system\HTTP\RedirectResponse.php(110): CodeIgniter\Config\Services::session()
#6 C:\xampp745\htdocs\aaradhya\system\Filters\CSRF.php(94): CodeIgniter\HTTP\RedirectResponse->back()
#7 C:\xampp745\htdocs\aaradhya\system\Filters\Filters.php(209): CodeIgniter\Filters\CSRF->before(Object(CodeIgniter\HTTP\IncomingRequest), NULL)
#8 C:\xampp745\htdocs\aaradhya\system\CodeIgniter.php(427): CodeIgniter\Filters\Filters->run('employee-login', 'before')
#9 C:\xampp745\htdocs\aaradhya\system\CodeIgniter.php(357): CodeIgniter\CodeIgniter->handleRequest(NULL, Object(Config\Cache), false)
#10 C:\xampp745\htdocs\aaradhya\index.php(62): CodeIgniter\CodeIgniter->run()
#11 {main}
