CRITICAL - 2020-10-18 16:05:49 --> You must set the database table to be used with your query.
#0 C:\xampp745\htdocs\aaradhya1\system\Model.php(1237): CodeIgniter\Database\BaseConnection->table(NULL)
#1 C:\xampp745\htdocs\aaradhya1\system\Model.php(1816): CodeIgniter\Model->builder()
#2 C:\xampp745\htdocs\aaradhya1\app\Controllers\Customers_e.php(73): CodeIgniter\Model->__call('get_all_custome...', Array)
#3 C:\xampp745\htdocs\aaradhya1\system\CodeIgniter.php(918): App\Controllers\Customers_e->create_customer()
#4 C:\xampp745\htdocs\aaradhya1\system\CodeIgniter.php(404): CodeIgniter\CodeIgniter->runController(Object(App\Controllers\Customers_e))
#5 C:\xampp745\htdocs\aaradhya1\system\CodeIgniter.php(312): CodeIgniter\CodeIgniter->handleRequest(NULL, Object(Config\Cache), false)
#6 C:\xampp745\htdocs\aaradhya1\index.php(62): CodeIgniter\CodeIgniter->run()
#7 {main}
CRITICAL - 2020-10-18 16:08:47 --> You must set the database table to be used with your query.
#0 C:\xampp745\htdocs\aaradhya1\system\Model.php(1237): CodeIgniter\Database\BaseConnection->table(NULL)
#1 C:\xampp745\htdocs\aaradhya1\system\Model.php(1816): CodeIgniter\Model->builder()
#2 C:\xampp745\htdocs\aaradhya1\app\Controllers\Customers_e.php(73): CodeIgniter\Model->__call('get_all_custome...', Array)
#3 C:\xampp745\htdocs\aaradhya1\system\CodeIgniter.php(918): App\Controllers\Customers_e->create_customer()
#4 C:\xampp745\htdocs\aaradhya1\system\CodeIgniter.php(404): CodeIgniter\CodeIgniter->runController(Object(App\Controllers\Customers_e))
#5 C:\xampp745\htdocs\aaradhya1\system\CodeIgniter.php(312): CodeIgniter\CodeIgniter->handleRequest(NULL, Object(Config\Cache), false)
#6 C:\xampp745\htdocs\aaradhya1\index.php(62): CodeIgniter\CodeIgniter->run()
#7 {main}
CRITICAL - 2020-10-18 16:10:00 --> Call to undefined function App\Controllers\user_unique_alphanumeic_id()
#0 C:\xampp745\htdocs\aaradhya1\system\CodeIgniter.php(918): App\Controllers\Customers_e->create_customer()
#1 C:\xampp745\htdocs\aaradhya1\system\CodeIgniter.php(404): CodeIgniter\CodeIgniter->runController(Object(App\Controllers\Customers_e))
#2 C:\xampp745\htdocs\aaradhya1\system\CodeIgniter.php(312): CodeIgniter\CodeIgniter->handleRequest(NULL, Object(Config\Cache), false)
#3 C:\xampp745\htdocs\aaradhya1\index.php(62): CodeIgniter\CodeIgniter->run()
#4 {main}
CRITICAL - 2020-10-18 16:10:24 --> Call to undefined function App\Controllers\user_unique_alphanumeic_id()
#0 C:\xampp745\htdocs\aaradhya1\system\CodeIgniter.php(918): App\Controllers\Customers_e->create_customer()
#1 C:\xampp745\htdocs\aaradhya1\system\CodeIgniter.php(404): CodeIgniter\CodeIgniter->runController(Object(App\Controllers\Customers_e))
#2 C:\xampp745\htdocs\aaradhya1\system\CodeIgniter.php(312): CodeIgniter\CodeIgniter->handleRequest(NULL, Object(Config\Cache), false)
#3 C:\xampp745\htdocs\aaradhya1\index.php(62): CodeIgniter\CodeIgniter->run()
#4 {main}
CRITICAL - 2020-10-18 17:16:30 --> You have an error in your SQL syntax; check the manual that corresponds to your MariaDB server version for the right syntax to use near '' at line 1
#0 C:\xampp745\htdocs\aaradhya1\system\Database\MySQLi\Connection.php(331): mysqli->query('SELECT COUNT(ea...')
#1 C:\xampp745\htdocs\aaradhya1\system\Database\BaseConnection.php(741): CodeIgniter\Database\MySQLi\Connection->execute('SELECT COUNT(ea...')
#2 C:\xampp745\htdocs\aaradhya1\system\Database\BaseConnection.php(669): CodeIgniter\Database\BaseConnection->simpleQuery('SELECT COUNT(ea...')
#3 C:\xampp745\htdocs\aaradhya1\app\Models\Common_m.php(110): CodeIgniter\Database\BaseConnection->query('SELECT COUNT(ea...')
#4 C:\xampp745\htdocs\aaradhya1\app\Controllers\Customers_e.php(53): App\Models\Common_m->count_earning('')
#5 C:\xampp745\htdocs\aaradhya1\system\CodeIgniter.php(918): App\Controllers\Customers_e->customers_view('1')
#6 C:\xampp745\htdocs\aaradhya1\system\CodeIgniter.php(404): CodeIgniter\CodeIgniter->runController(Object(App\Controllers\Customers_e))
#7 C:\xampp745\htdocs\aaradhya1\system\CodeIgniter.php(312): CodeIgniter\CodeIgniter->handleRequest(NULL, Object(Config\Cache), false)
#8 C:\xampp745\htdocs\aaradhya1\index.php(62): CodeIgniter\CodeIgniter->run()
#9 {main}
CRITICAL - 2020-10-18 17:16:35 --> You have an error in your SQL syntax; check the manual that corresponds to your MariaDB server version for the right syntax to use near '' at line 1
#0 C:\xampp745\htdocs\aaradhya1\system\Database\MySQLi\Connection.php(331): mysqli->query('SELECT COUNT(ea...')
#1 C:\xampp745\htdocs\aaradhya1\system\Database\BaseConnection.php(741): CodeIgniter\Database\MySQLi\Connection->execute('SELECT COUNT(ea...')
#2 C:\xampp745\htdocs\aaradhya1\system\Database\BaseConnection.php(669): CodeIgniter\Database\BaseConnection->simpleQuery('SELECT COUNT(ea...')
#3 C:\xampp745\htdocs\aaradhya1\app\Models\Common_m.php(110): CodeIgniter\Database\BaseConnection->query('SELECT COUNT(ea...')
#4 C:\xampp745\htdocs\aaradhya1\app\Controllers\Customers_e.php(53): App\Models\Common_m->count_earning('')
#5 C:\xampp745\htdocs\aaradhya1\system\CodeIgniter.php(918): App\Controllers\Customers_e->customers_view('1')
#6 C:\xampp745\htdocs\aaradhya1\system\CodeIgniter.php(404): CodeIgniter\CodeIgniter->runController(Object(App\Controllers\Customers_e))
#7 C:\xampp745\htdocs\aaradhya1\system\CodeIgniter.php(312): CodeIgniter\CodeIgniter->handleRequest(NULL, Object(Config\Cache), false)
#8 C:\xampp745\htdocs\aaradhya1\index.php(62): CodeIgniter\CodeIgniter->run()
#9 {main}
CRITICAL - 2020-10-18 17:17:51 --> You have an error in your SQL syntax; check the manual that corresponds to your MariaDB server version for the right syntax to use near '' at line 1
#0 C:\xampp745\htdocs\aaradhya1\system\Database\MySQLi\Connection.php(331): mysqli->query('SELECT COUNT(ea...')
#1 C:\xampp745\htdocs\aaradhya1\system\Database\BaseConnection.php(741): CodeIgniter\Database\MySQLi\Connection->execute('SELECT COUNT(ea...')
#2 C:\xampp745\htdocs\aaradhya1\system\Database\BaseConnection.php(669): CodeIgniter\Database\BaseConnection->simpleQuery('SELECT COUNT(ea...')
#3 C:\xampp745\htdocs\aaradhya1\app\Models\Common_m.php(110): CodeIgniter\Database\BaseConnection->query('SELECT COUNT(ea...')
#4 C:\xampp745\htdocs\aaradhya1\app\Controllers\Customers_e.php(54): App\Models\Common_m->count_earning('')
#5 C:\xampp745\htdocs\aaradhya1\system\CodeIgniter.php(918): App\Controllers\Customers_e->customers_view('1')
#6 C:\xampp745\htdocs\aaradhya1\system\CodeIgniter.php(404): CodeIgniter\CodeIgniter->runController(Object(App\Controllers\Customers_e))
#7 C:\xampp745\htdocs\aaradhya1\system\CodeIgniter.php(312): CodeIgniter\CodeIgniter->handleRequest(NULL, Object(Config\Cache), false)
#8 C:\xampp745\htdocs\aaradhya1\index.php(62): CodeIgniter\CodeIgniter->run()
#9 {main}
CRITICAL - 2020-10-18 17:28:58 --> You must set the database table to be used with your query.
#0 C:\xampp745\htdocs\aaradhya1\system\Model.php(1237): CodeIgniter\Database\BaseConnection->table(NULL)
#1 C:\xampp745\htdocs\aaradhya1\system\Model.php(1816): CodeIgniter\Model->builder()
#2 C:\xampp745\htdocs\aaradhya1\app\Controllers\Customers_e.php(76): CodeIgniter\Model->__call('get_all_custome...', Array)
#3 C:\xampp745\htdocs\aaradhya1\system\CodeIgniter.php(918): App\Controllers\Customers_e->create_customer()
#4 C:\xampp745\htdocs\aaradhya1\system\CodeIgniter.php(404): CodeIgniter\CodeIgniter->runController(Object(App\Controllers\Customers_e))
#5 C:\xampp745\htdocs\aaradhya1\system\CodeIgniter.php(312): CodeIgniter\CodeIgniter->handleRequest(NULL, Object(Config\Cache), false)
#6 C:\xampp745\htdocs\aaradhya1\index.php(62): CodeIgniter\CodeIgniter->run()
#7 {main}
CRITICAL - 2020-10-18 17:30:27 --> Too few arguments to function App\Models\Common_m::get_all_customer(), 0 passed in C:\xampp745\htdocs\aaradhya1\app\Controllers\Customers_e.php on line 76 and exactly 1 expected
#0 C:\xampp745\htdocs\aaradhya1\app\Controllers\Customers_e.php(76): App\Models\Common_m->get_all_customer()
#1 C:\xampp745\htdocs\aaradhya1\system\CodeIgniter.php(918): App\Controllers\Customers_e->create_customer()
#2 C:\xampp745\htdocs\aaradhya1\system\CodeIgniter.php(404): CodeIgniter\CodeIgniter->runController(Object(App\Controllers\Customers_e))
#3 C:\xampp745\htdocs\aaradhya1\system\CodeIgniter.php(312): CodeIgniter\CodeIgniter->handleRequest(NULL, Object(Config\Cache), false)
#4 C:\xampp745\htdocs\aaradhya1\index.php(62): CodeIgniter\CodeIgniter->run()
#5 {main}
CRITICAL - 2020-10-18 17:30:44 --> Undefined offset: 0
#0 C:\xampp745\htdocs\aaradhya1\app\Controllers\Customers_e.php(80): CodeIgniter\Debug\Exceptions->errorHandler(8, 'Undefined offse...', 'C:\\xampp745\\htd...', 80, Array)
#1 C:\xampp745\htdocs\aaradhya1\system\CodeIgniter.php(918): App\Controllers\Customers_e->create_customer()
#2 C:\xampp745\htdocs\aaradhya1\system\CodeIgniter.php(404): CodeIgniter\CodeIgniter->runController(Object(App\Controllers\Customers_e))
#3 C:\xampp745\htdocs\aaradhya1\system\CodeIgniter.php(312): CodeIgniter\CodeIgniter->handleRequest(NULL, Object(Config\Cache), false)
#4 C:\xampp745\htdocs\aaradhya1\index.php(62): CodeIgniter\CodeIgniter->run()
#5 {main}
CRITICAL - 2020-10-18 17:37:33 --> Undefined index: user_unique_id
#0 C:\xampp745\htdocs\aaradhya1\app\Controllers\Customers_e.php(98): CodeIgniter\Debug\Exceptions->errorHandler(8, 'Undefined index...', 'C:\\xampp745\\htd...', 98, Array)
#1 C:\xampp745\htdocs\aaradhya1\system\CodeIgniter.php(918): App\Controllers\Customers_e->create_customer()
#2 C:\xampp745\htdocs\aaradhya1\system\CodeIgniter.php(404): CodeIgniter\CodeIgniter->runController(Object(App\Controllers\Customers_e))
#3 C:\xampp745\htdocs\aaradhya1\system\CodeIgniter.php(312): CodeIgniter\CodeIgniter->handleRequest(NULL, Object(Config\Cache), false)
#4 C:\xampp745\htdocs\aaradhya1\index.php(62): CodeIgniter\CodeIgniter->run()
#5 {main}
CRITICAL - 2020-10-18 17:42:01 --> Unknown column 'A1CD5S' in 'where clause'
#0 C:\xampp745\htdocs\aaradhya1\system\Database\MySQLi\Connection.php(331): mysqli->query('SELECT * FROM `...')
#1 C:\xampp745\htdocs\aaradhya1\system\Database\BaseConnection.php(741): CodeIgniter\Database\MySQLi\Connection->execute('SELECT * FROM `...')
#2 C:\xampp745\htdocs\aaradhya1\system\Database\BaseConnection.php(669): CodeIgniter\Database\BaseConnection->simpleQuery('SELECT * FROM `...')
#3 C:\xampp745\htdocs\aaradhya1\app\Models\Frontm\Login_m.php(16): CodeIgniter\Database\BaseConnection->query('SELECT * FROM `...')
#4 C:\xampp745\htdocs\aaradhya1\app\Controllers\Home_c.php(36): App\Models\Frontm\Login_m->customer_login_select('A1CD5S', '123')
#5 C:\xampp745\htdocs\aaradhya1\system\CodeIgniter.php(918): App\Controllers\Home_c->login()
#6 C:\xampp745\htdocs\aaradhya1\system\CodeIgniter.php(404): CodeIgniter\CodeIgniter->runController(Object(App\Controllers\Home_c))
#7 C:\xampp745\htdocs\aaradhya1\system\CodeIgniter.php(312): CodeIgniter\CodeIgniter->handleRequest(NULL, Object(Config\Cache), false)
#8 C:\xampp745\htdocs\aaradhya1\index.php(62): CodeIgniter\CodeIgniter->run()
#9 {main}
