CRITICAL - 2020-10-11 16:21:34 --> ini_set(): A session is active. You cannot change the session module's ini settings at this time
#0 [internal function]: CodeIgniter\Debug\Exceptions->errorHandler(2, 'ini_set(): A se...', 'C:\\xampp745\\htd...', 108, Array)
#1 C:\xampp745\htdocs\aaradhya\system\Session\Handlers\FileHandler.php(108): ini_set('session.save_pa...', 'C:\\xampp745\\htd...')
#2 C:\xampp745\htdocs\aaradhya\system\Config\Services.php(732): CodeIgniter\Session\Handlers\FileHandler->__construct(Object(Config\App), '::1')
#3 C:\xampp745\htdocs\aaradhya\system\Config\BaseService.php(123): CodeIgniter\Config\Services::session(Object(Config\App), false)
#4 C:\xampp745\htdocs\aaradhya\system\Config\Services.php(725): CodeIgniter\Config\BaseService::getSharedInstance('session', NULL)
#5 C:\xampp745\htdocs\aaradhya\system\HTTP\RedirectResponse.php(110): CodeIgniter\Config\Services::session()
#6 C:\xampp745\htdocs\aaradhya\system\Filters\CSRF.php(94): CodeIgniter\HTTP\RedirectResponse->back()
#7 C:\xampp745\htdocs\aaradhya\system\Filters\Filters.php(209): CodeIgniter\Filters\CSRF->before(Object(CodeIgniter\HTTP\IncomingRequest), NULL)
#8 C:\xampp745\htdocs\aaradhya\system\CodeIgniter.php(427): CodeIgniter\Filters\Filters->run('employee-login', 'before')
#9 C:\xampp745\htdocs\aaradhya\system\CodeIgniter.php(357): CodeIgniter\CodeIgniter->handleRequest(NULL, Object(Config\Cache), false)
#10 C:\xampp745\htdocs\aaradhya\index.php(62): CodeIgniter\CodeIgniter->run()
#11 {main}
CRITICAL - 2020-10-11 16:22:00 --> ini_set(): A session is active. You cannot change the session module's ini settings at this time
#0 [internal function]: CodeIgniter\Debug\Exceptions->errorHandler(2, 'ini_set(): A se...', 'C:\\xampp745\\htd...', 108, Array)
#1 C:\xampp745\htdocs\aaradhya\system\Session\Handlers\FileHandler.php(108): ini_set('session.save_pa...', 'C:\\xampp745\\htd...')
#2 C:\xampp745\htdocs\aaradhya\system\Config\Services.php(732): CodeIgniter\Session\Handlers\FileHandler->__construct(Object(Config\App), '::1')
#3 C:\xampp745\htdocs\aaradhya\system\Config\BaseService.php(123): CodeIgniter\Config\Services::session(Object(Config\App), false)
#4 C:\xampp745\htdocs\aaradhya\system\Config\Services.php(725): CodeIgniter\Config\BaseService::getSharedInstance('session', NULL)
#5 C:\xampp745\htdocs\aaradhya\system\HTTP\RedirectResponse.php(110): CodeIgniter\Config\Services::session()
#6 C:\xampp745\htdocs\aaradhya\system\Filters\CSRF.php(94): CodeIgniter\HTTP\RedirectResponse->back()
#7 C:\xampp745\htdocs\aaradhya\system\Filters\Filters.php(209): CodeIgniter\Filters\CSRF->before(Object(CodeIgniter\HTTP\IncomingRequest), NULL)
#8 C:\xampp745\htdocs\aaradhya\system\CodeIgniter.php(427): CodeIgniter\Filters\Filters->run('employee-login', 'before')
#9 C:\xampp745\htdocs\aaradhya\system\CodeIgniter.php(357): CodeIgniter\CodeIgniter->handleRequest(NULL, Object(Config\Cache), false)
#10 C:\xampp745\htdocs\aaradhya\index.php(62): CodeIgniter\CodeIgniter->run()
#11 {main}
CRITICAL - 2020-10-11 16:22:44 --> ini_set(): A session is active. You cannot change the session module's ini settings at this time
#0 [internal function]: CodeIgniter\Debug\Exceptions->errorHandler(2, 'ini_set(): A se...', 'C:\\xampp745\\htd...', 108, Array)
#1 C:\xampp745\htdocs\aaradhya\system\Session\Handlers\FileHandler.php(108): ini_set('session.save_pa...', 'C:\\xampp745\\htd...')
#2 C:\xampp745\htdocs\aaradhya\system\Config\Services.php(732): CodeIgniter\Session\Handlers\FileHandler->__construct(Object(Config\App), '::1')
#3 C:\xampp745\htdocs\aaradhya\system\Config\BaseService.php(123): CodeIgniter\Config\Services::session(Object(Config\App), false)
#4 C:\xampp745\htdocs\aaradhya\system\Config\Services.php(725): CodeIgniter\Config\BaseService::getSharedInstance('session', NULL)
#5 C:\xampp745\htdocs\aaradhya\system\HTTP\RedirectResponse.php(110): CodeIgniter\Config\Services::session()
#6 C:\xampp745\htdocs\aaradhya\system\Filters\CSRF.php(94): CodeIgniter\HTTP\RedirectResponse->back()
#7 C:\xampp745\htdocs\aaradhya\system\Filters\Filters.php(209): CodeIgniter\Filters\CSRF->before(Object(CodeIgniter\HTTP\IncomingRequest), NULL)
#8 C:\xampp745\htdocs\aaradhya\system\CodeIgniter.php(427): CodeIgniter\Filters\Filters->run('employee-login', 'before')
#9 C:\xampp745\htdocs\aaradhya\system\CodeIgniter.php(357): CodeIgniter\CodeIgniter->handleRequest(NULL, Object(Config\Cache), false)
#10 C:\xampp745\htdocs\aaradhya\index.php(62): CodeIgniter\CodeIgniter->run()
#11 {main}
CRITICAL - 2020-10-11 16:54:21 --> ini_set(): A session is active. You cannot change the session module's ini settings at this time
#0 [internal function]: CodeIgniter\Debug\Exceptions->errorHandler(2, 'ini_set(): A se...', 'C:\\xampp745\\htd...', 108, Array)
#1 C:\xampp745\htdocs\aaradhya\system\Session\Handlers\FileHandler.php(108): ini_set('session.save_pa...', 'C:\\xampp745\\htd...')
#2 C:\xampp745\htdocs\aaradhya\system\Config\Services.php(732): CodeIgniter\Session\Handlers\FileHandler->__construct(Object(Config\App), '::1')
#3 C:\xampp745\htdocs\aaradhya\system\Config\BaseService.php(123): CodeIgniter\Config\Services::session(Object(Config\App), false)
#4 C:\xampp745\htdocs\aaradhya\system\Config\Services.php(725): CodeIgniter\Config\BaseService::getSharedInstance('session', NULL)
#5 C:\xampp745\htdocs\aaradhya\system\HTTP\RedirectResponse.php(110): CodeIgniter\Config\Services::session()
#6 C:\xampp745\htdocs\aaradhya\system\Filters\CSRF.php(94): CodeIgniter\HTTP\RedirectResponse->back()
#7 C:\xampp745\htdocs\aaradhya\system\Filters\Filters.php(209): CodeIgniter\Filters\CSRF->before(Object(CodeIgniter\HTTP\IncomingRequest), NULL)
#8 C:\xampp745\htdocs\aaradhya\system\CodeIgniter.php(427): CodeIgniter\Filters\Filters->run('employee-edit-c...', 'before')
#9 C:\xampp745\htdocs\aaradhya\system\CodeIgniter.php(357): CodeIgniter\CodeIgniter->handleRequest(NULL, Object(Config\Cache), false)
#10 C:\xampp745\htdocs\aaradhya\index.php(62): CodeIgniter\CodeIgniter->run()
#11 {main}
CRITICAL - 2020-10-11 20:19:30 --> ini_set(): A session is active. You cannot change the session module's ini settings at this time
#0 [internal function]: CodeIgniter\Debug\Exceptions->errorHandler(2, 'ini_set(): A se...', 'C:\\xampp745\\htd...', 108, Array)
#1 C:\xampp745\htdocs\aaradhya\system\Session\Handlers\FileHandler.php(108): ini_set('session.save_pa...', 'C:\\xampp745\\htd...')
#2 C:\xampp745\htdocs\aaradhya\system\Config\Services.php(732): CodeIgniter\Session\Handlers\FileHandler->__construct(Object(Config\App), '::1')
#3 C:\xampp745\htdocs\aaradhya\system\Config\BaseService.php(123): CodeIgniter\Config\Services::session(Object(Config\App), false)
#4 C:\xampp745\htdocs\aaradhya\system\Config\Services.php(725): CodeIgniter\Config\BaseService::getSharedInstance('session', NULL)
#5 C:\xampp745\htdocs\aaradhya\system\HTTP\RedirectResponse.php(110): CodeIgniter\Config\Services::session()
#6 C:\xampp745\htdocs\aaradhya\system\Filters\CSRF.php(94): CodeIgniter\HTTP\RedirectResponse->back()
#7 C:\xampp745\htdocs\aaradhya\system\Filters\Filters.php(209): CodeIgniter\Filters\CSRF->before(Object(CodeIgniter\HTTP\IncomingRequest), NULL)
#8 C:\xampp745\htdocs\aaradhya\system\CodeIgniter.php(427): CodeIgniter\Filters\Filters->run('employee-login', 'before')
#9 C:\xampp745\htdocs\aaradhya\system\CodeIgniter.php(357): CodeIgniter\CodeIgniter->handleRequest(NULL, Object(Config\Cache), false)
#10 C:\xampp745\htdocs\aaradhya\index.php(62): CodeIgniter\CodeIgniter->run()
#11 {main}
CRITICAL - 2020-10-11 21:16:10 --> Class 'App\Models\Adminm\Login_m' not found
#0 C:\xampp745\htdocs\aaradhya\system\CodeIgniter.php(936): App\Controllers\Employee_c->__construct()
#1 C:\xampp745\htdocs\aaradhya\system\CodeIgniter.php(444): CodeIgniter\CodeIgniter->createController()
#2 C:\xampp745\htdocs\aaradhya\system\CodeIgniter.php(357): CodeIgniter\CodeIgniter->handleRequest(NULL, Object(Config\Cache), false)
#3 C:\xampp745\htdocs\aaradhya\index.php(62): CodeIgniter\CodeIgniter->run()
#4 {main}
CRITICAL - 2020-10-11 21:26:30 --> ini_set(): A session is active. You cannot change the session module's ini settings at this time
#0 [internal function]: CodeIgniter\Debug\Exceptions->errorHandler(2, 'ini_set(): A se...', 'C:\\xampp745\\htd...', 108, Array)
#1 C:\xampp745\htdocs\aaradhya\system\Session\Handlers\FileHandler.php(108): ini_set('session.save_pa...', 'C:\\xampp745\\htd...')
#2 C:\xampp745\htdocs\aaradhya\system\Config\Services.php(732): CodeIgniter\Session\Handlers\FileHandler->__construct(Object(Config\App), '::1')
#3 C:\xampp745\htdocs\aaradhya\system\Config\BaseService.php(123): CodeIgniter\Config\Services::session(Object(Config\App), false)
#4 C:\xampp745\htdocs\aaradhya\system\Config\Services.php(725): CodeIgniter\Config\BaseService::getSharedInstance('session', NULL)
#5 C:\xampp745\htdocs\aaradhya\system\HTTP\RedirectResponse.php(110): CodeIgniter\Config\Services::session()
#6 C:\xampp745\htdocs\aaradhya\system\Filters\CSRF.php(94): CodeIgniter\HTTP\RedirectResponse->back()
#7 C:\xampp745\htdocs\aaradhya\system\Filters\Filters.php(209): CodeIgniter\Filters\CSRF->before(Object(CodeIgniter\HTTP\IncomingRequest), NULL)
#8 C:\xampp745\htdocs\aaradhya\system\CodeIgniter.php(427): CodeIgniter\Filters\Filters->run('employee-custom...', 'before')
#9 C:\xampp745\htdocs\aaradhya\system\CodeIgniter.php(357): CodeIgniter\CodeIgniter->handleRequest(NULL, Object(Config\Cache), false)
#10 C:\xampp745\htdocs\aaradhya\index.php(62): CodeIgniter\CodeIgniter->run()
#11 {main}
