CRITICAL - 2020-10-13 09:18:59 --> The action you requested is not allowed.
#0 C:\xampp745\htdocs\aaradhya\system\Security\Security.php(246): CodeIgniter\Security\Exceptions\SecurityException::forDisallowedAction()
#1 C:\xampp745\htdocs\aaradhya\system\Filters\CSRF.php(88): CodeIgniter\Security\Security->CSRFVerify(Object(CodeIgniter\HTTP\IncomingRequest))
#2 C:\xampp745\htdocs\aaradhya\system\Filters\Filters.php(209): CodeIgniter\Filters\CSRF->before(Object(CodeIgniter\HTTP\IncomingRequest), NULL)
#3 C:\xampp745\htdocs\aaradhya\system\CodeIgniter.php(427): CodeIgniter\Filters\Filters->run('customer-login', 'before')
#4 C:\xampp745\htdocs\aaradhya\system\CodeIgniter.php(357): CodeIgniter\CodeIgniter->handleRequest(NULL, Object(Config\Cache), false)
#5 C:\xampp745\htdocs\aaradhya\index.php(62): CodeIgniter\CodeIgniter->run()
#6 {main}
CRITICAL - 2020-10-13 09:19:06 --> The action you requested is not allowed.
#0 C:\xampp745\htdocs\aaradhya\system\Security\Security.php(246): CodeIgniter\Security\Exceptions\SecurityException::forDisallowedAction()
#1 C:\xampp745\htdocs\aaradhya\system\Filters\CSRF.php(88): CodeIgniter\Security\Security->CSRFVerify(Object(CodeIgniter\HTTP\IncomingRequest))
#2 C:\xampp745\htdocs\aaradhya\system\Filters\Filters.php(209): CodeIgniter\Filters\CSRF->before(Object(CodeIgniter\HTTP\IncomingRequest), NULL)
#3 C:\xampp745\htdocs\aaradhya\system\CodeIgniter.php(427): CodeIgniter\Filters\Filters->run('customer-login', 'before')
#4 C:\xampp745\htdocs\aaradhya\system\CodeIgniter.php(357): CodeIgniter\CodeIgniter->handleRequest(NULL, Object(Config\Cache), false)
#5 C:\xampp745\htdocs\aaradhya\index.php(62): CodeIgniter\CodeIgniter->run()
#6 {main}
CRITICAL - 2020-10-13 09:29:29 --> The action you requested is not allowed.
#0 C:\xampp745\htdocs\aaradhya\system\Security\Security.php(246): CodeIgniter\Security\Exceptions\SecurityException::forDisallowedAction()
#1 C:\xampp745\htdocs\aaradhya\system\Filters\CSRF.php(88): CodeIgniter\Security\Security->CSRFVerify(Object(CodeIgniter\HTTP\IncomingRequest))
#2 C:\xampp745\htdocs\aaradhya\system\Filters\Filters.php(209): CodeIgniter\Filters\CSRF->before(Object(CodeIgniter\HTTP\IncomingRequest), NULL)
#3 C:\xampp745\htdocs\aaradhya\system\CodeIgniter.php(427): CodeIgniter\Filters\Filters->run('customer-login', 'before')
#4 C:\xampp745\htdocs\aaradhya\system\CodeIgniter.php(357): CodeIgniter\CodeIgniter->handleRequest(NULL, Object(Config\Cache), false)
#5 C:\xampp745\htdocs\aaradhya\index.php(62): CodeIgniter\CodeIgniter->run()
#6 {main}
CRITICAL - 2020-10-13 09:39:16 --> Undefined property: App\Controllers\Home_c::$Common_m
#0 C:\xampp745\htdocs\aaradhya\app\Controllers\Home_c.php(47): CodeIgniter\Debug\Exceptions->errorHandler(8, 'Undefined prope...', 'C:\\xampp745\\htd...', 47, Array)
#1 C:\xampp745\htdocs\aaradhya\system\CodeIgniter.php(964): App\Controllers\Home_c->index()
#2 C:\xampp745\htdocs\aaradhya\system\CodeIgniter.php(449): CodeIgniter\CodeIgniter->runController(Object(App\Controllers\Home_c))
#3 C:\xampp745\htdocs\aaradhya\system\CodeIgniter.php(357): CodeIgniter\CodeIgniter->handleRequest(NULL, Object(Config\Cache), false)
#4 C:\xampp745\htdocs\aaradhya\index.php(62): CodeIgniter\CodeIgniter->run()
#5 {main}
CRITICAL - 2020-10-13 09:41:02 --> syntax error, unexpected ';', expecting ']'
#0 C:\xampp745\htdocs\aaradhya\system\Autoloader\Autoloader.php(311): CodeIgniter\Autoloader\Autoloader->includeFile('C:\\xampp745\\htd...')
#1 C:\xampp745\htdocs\aaradhya\system\Autoloader\Autoloader.php(265): CodeIgniter\Autoloader\Autoloader->loadInNamespace('App\\Controllers...')
#2 [internal function]: CodeIgniter\Autoloader\Autoloader->loadClass('App\\Controllers...')
#3 [internal function]: spl_autoload_call('App\\Controllers...')
#4 C:\xampp745\htdocs\aaradhya\system\CodeIgniter.php(916): class_exists('\\App\\Controller...', true)
#5 C:\xampp745\htdocs\aaradhya\system\CodeIgniter.php(439): CodeIgniter\CodeIgniter->startController()
#6 C:\xampp745\htdocs\aaradhya\system\CodeIgniter.php(357): CodeIgniter\CodeIgniter->handleRequest(NULL, Object(Config\Cache), false)
#7 C:\xampp745\htdocs\aaradhya\index.php(62): CodeIgniter\CodeIgniter->run()
#8 {main}
CRITICAL - 2020-10-13 09:53:34 --> Undefined variable: customer_id
#0 C:\xampp745\htdocs\aaradhya\app\Controllers\Home_c.php(49): CodeIgniter\Debug\Exceptions->errorHandler(8, 'Undefined varia...', 'C:\\xampp745\\htd...', 49, Array)
#1 C:\xampp745\htdocs\aaradhya\system\CodeIgniter.php(964): App\Controllers\Home_c->index()
#2 C:\xampp745\htdocs\aaradhya\system\CodeIgniter.php(449): CodeIgniter\CodeIgniter->runController(Object(App\Controllers\Home_c))
#3 C:\xampp745\htdocs\aaradhya\system\CodeIgniter.php(357): CodeIgniter\CodeIgniter->handleRequest(NULL, Object(Config\Cache), false)
#4 C:\xampp745\htdocs\aaradhya\index.php(62): CodeIgniter\CodeIgniter->run()
#5 {main}
CRITICAL - 2020-10-13 09:53:50 --> Undefined variable: customer_id
#0 C:\xampp745\htdocs\aaradhya\app\Controllers\Home_c.php(49): CodeIgniter\Debug\Exceptions->errorHandler(8, 'Undefined varia...', 'C:\\xampp745\\htd...', 49, Array)
#1 C:\xampp745\htdocs\aaradhya\system\CodeIgniter.php(964): App\Controllers\Home_c->index()
#2 C:\xampp745\htdocs\aaradhya\system\CodeIgniter.php(449): CodeIgniter\CodeIgniter->runController(Object(App\Controllers\Home_c))
#3 C:\xampp745\htdocs\aaradhya\system\CodeIgniter.php(357): CodeIgniter\CodeIgniter->handleRequest(NULL, Object(Config\Cache), false)
#4 C:\xampp745\htdocs\aaradhya\index.php(62): CodeIgniter\CodeIgniter->run()
#5 {main}
CRITICAL - 2020-10-13 09:53:52 --> Undefined variable: customer_id
#0 C:\xampp745\htdocs\aaradhya\app\Controllers\Home_c.php(49): CodeIgniter\Debug\Exceptions->errorHandler(8, 'Undefined varia...', 'C:\\xampp745\\htd...', 49, Array)
#1 C:\xampp745\htdocs\aaradhya\system\CodeIgniter.php(964): App\Controllers\Home_c->index()
#2 C:\xampp745\htdocs\aaradhya\system\CodeIgniter.php(449): CodeIgniter\CodeIgniter->runController(Object(App\Controllers\Home_c))
#3 C:\xampp745\htdocs\aaradhya\system\CodeIgniter.php(357): CodeIgniter\CodeIgniter->handleRequest(NULL, Object(Config\Cache), false)
#4 C:\xampp745\htdocs\aaradhya\index.php(62): CodeIgniter\CodeIgniter->run()
#5 {main}
CRITICAL - 2020-10-13 10:11:51 --> The action you requested is not allowed.
#0 /home/knebxnii/public_html/aaradhya1/system/Security/Security.php(246): CodeIgniter\Security\Exceptions\SecurityException::forDisallowedAction()
#1 /home/knebxnii/public_html/aaradhya1/system/Filters/CSRF.php(88): CodeIgniter\Security\Security->CSRFVerify(Object(CodeIgniter\HTTP\IncomingRequest))
#2 /home/knebxnii/public_html/aaradhya1/system/Filters/Filters.php(209): CodeIgniter\Filters\CSRF->before(Object(CodeIgniter\HTTP\IncomingRequest), NULL)
#3 /home/knebxnii/public_html/aaradhya1/system/CodeIgniter.php(427): CodeIgniter\Filters\Filters->run('employee-login', 'before')
#4 /home/knebxnii/public_html/aaradhya1/system/CodeIgniter.php(357): CodeIgniter\CodeIgniter->handleRequest(NULL, Object(Config\Cache), false)
#5 /home/knebxnii/public_html/aaradhya1/index.php(62): CodeIgniter\CodeIgniter->run()
#6 {main}
CRITICAL - 2020-10-13 10:12:08 --> The action you requested is not allowed.
#0 /home/knebxnii/public_html/aaradhya1/system/Security/Security.php(246): CodeIgniter\Security\Exceptions\SecurityException::forDisallowedAction()
#1 /home/knebxnii/public_html/aaradhya1/system/Filters/CSRF.php(88): CodeIgniter\Security\Security->CSRFVerify(Object(CodeIgniter\HTTP\IncomingRequest))
#2 /home/knebxnii/public_html/aaradhya1/system/Filters/Filters.php(209): CodeIgniter\Filters\CSRF->before(Object(CodeIgniter\HTTP\IncomingRequest), NULL)
#3 /home/knebxnii/public_html/aaradhya1/system/CodeIgniter.php(427): CodeIgniter\Filters\Filters->run('employee-login', 'before')
#4 /home/knebxnii/public_html/aaradhya1/system/CodeIgniter.php(357): CodeIgniter\CodeIgniter->handleRequest(NULL, Object(Config\Cache), false)
#5 /home/knebxnii/public_html/aaradhya1/index.php(62): CodeIgniter\CodeIgniter->run()
#6 {main}
CRITICAL - 2020-10-13 10:13:26 --> ini_set(): A session is active. You cannot change the session module's ini settings at this time
#0 [internal function]: CodeIgniter\Debug\Exceptions->errorHandler(2, 'ini_set(): A se...', '/home/knebxnii/...', 108, Array)
#1 /home/knebxnii/public_html/aaradhya1/system/Session/Handlers/FileHandler.php(108): ini_set('session.save_pa...', '/home/knebxnii/...')
#2 /home/knebxnii/public_html/aaradhya1/system/Config/Services.php(732): CodeIgniter\Session\Handlers\FileHandler->__construct(Object(Config\App), '49.34.136.52')
#3 /home/knebxnii/public_html/aaradhya1/system/Config/BaseService.php(123): CodeIgniter\Config\Services::session(Object(Config\App), false)
#4 /home/knebxnii/public_html/aaradhya1/system/Config/Services.php(725): CodeIgniter\Config\BaseService::getSharedInstance('session', NULL)
#5 /home/knebxnii/public_html/aaradhya1/system/HTTP/RedirectResponse.php(110): CodeIgniter\Config\Services::session()
#6 /home/knebxnii/public_html/aaradhya1/system/Filters/CSRF.php(94): CodeIgniter\HTTP\RedirectResponse->back()
#7 /home/knebxnii/public_html/aaradhya1/system/Filters/Filters.php(209): CodeIgniter\Filters\CSRF->before(Object(CodeIgniter\HTTP\IncomingRequest), NULL)
#8 /home/knebxnii/public_html/aaradhya1/system/CodeIgniter.php(427): CodeIgniter\Filters\Filters->run('employee-login', 'before')
#9 /home/knebxnii/public_html/aaradhya1/system/CodeIgniter.php(357): CodeIgniter\CodeIgniter->handleRequest(NULL, Object(Config\Cache), false)
#10 /home/knebxnii/public_html/aaradhya1/index.php(62): CodeIgniter\CodeIgniter->run()
#11 {main}
CRITICAL - 2020-10-13 10:13:43 --> ini_set(): A session is active. You cannot change the session module's ini settings at this time
#0 [internal function]: CodeIgniter\Debug\Exceptions->errorHandler(2, 'ini_set(): A se...', '/home/knebxnii/...', 108, Array)
#1 /home/knebxnii/public_html/aaradhya1/system/Session/Handlers/FileHandler.php(108): ini_set('session.save_pa...', '/home/knebxnii/...')
#2 /home/knebxnii/public_html/aaradhya1/system/Config/Services.php(732): CodeIgniter\Session\Handlers\FileHandler->__construct(Object(Config\App), '49.34.136.52')
#3 /home/knebxnii/public_html/aaradhya1/system/Config/BaseService.php(123): CodeIgniter\Config\Services::session(Object(Config\App), false)
#4 /home/knebxnii/public_html/aaradhya1/system/Config/Services.php(725): CodeIgniter\Config\BaseService::getSharedInstance('session', NULL)
#5 /home/knebxnii/public_html/aaradhya1/system/HTTP/RedirectResponse.php(110): CodeIgniter\Config\Services::session()
#6 /home/knebxnii/public_html/aaradhya1/system/Filters/CSRF.php(94): CodeIgniter\HTTP\RedirectResponse->back()
#7 /home/knebxnii/public_html/aaradhya1/system/Filters/Filters.php(209): CodeIgniter\Filters\CSRF->before(Object(CodeIgniter\HTTP\IncomingRequest), NULL)
#8 /home/knebxnii/public_html/aaradhya1/system/CodeIgniter.php(427): CodeIgniter\Filters\Filters->run('employee-login', 'before')
#9 /home/knebxnii/public_html/aaradhya1/system/CodeIgniter.php(357): CodeIgniter\CodeIgniter->handleRequest(NULL, Object(Config\Cache), false)
#10 /home/knebxnii/public_html/aaradhya1/index.php(62): CodeIgniter\CodeIgniter->run()
#11 {main}
CRITICAL - 2020-10-13 10:15:29 --> ini_set(): A session is active. You cannot change the session module's ini settings at this time
#0 [internal function]: CodeIgniter\Debug\Exceptions->errorHandler(2, 'ini_set(): A se...', '/home/knebxnii/...', 108, Array)
#1 /home/knebxnii/public_html/aaradhya1/system/Session/Handlers/FileHandler.php(108): ini_set('session.save_pa...', '/home/knebxnii/...')
#2 /home/knebxnii/public_html/aaradhya1/system/Config/Services.php(732): CodeIgniter\Session\Handlers\FileHandler->__construct(Object(Config\App), '49.34.136.52')
#3 /home/knebxnii/public_html/aaradhya1/system/Config/BaseService.php(123): CodeIgniter\Config\Services::session(Object(Config\App), false)
#4 /home/knebxnii/public_html/aaradhya1/system/Config/Services.php(725): CodeIgniter\Config\BaseService::getSharedInstance('session', NULL)
#5 /home/knebxnii/public_html/aaradhya1/system/HTTP/RedirectResponse.php(110): CodeIgniter\Config\Services::session()
#6 /home/knebxnii/public_html/aaradhya1/system/Filters/CSRF.php(94): CodeIgniter\HTTP\RedirectResponse->back()
#7 /home/knebxnii/public_html/aaradhya1/system/Filters/Filters.php(209): CodeIgniter\Filters\CSRF->before(Object(CodeIgniter\HTTP\IncomingRequest), NULL)
#8 /home/knebxnii/public_html/aaradhya1/system/CodeIgniter.php(427): CodeIgniter\Filters\Filters->run('employee-login', 'before')
#9 /home/knebxnii/public_html/aaradhya1/system/CodeIgniter.php(357): CodeIgniter\CodeIgniter->handleRequest(NULL, Object(Config\Cache), false)
#10 /home/knebxnii/public_html/aaradhya1/index.php(62): CodeIgniter\CodeIgniter->run()
#11 {main}
CRITICAL - 2020-10-13 10:15:39 --> Unable to connect to the database.
#0 /home/knebxnii/public_html/aaradhya1/system/Database/BaseConnection.php(629): CodeIgniter\Database\BaseConnection->initialize()
#1 /home/knebxnii/public_html/aaradhya1/app/Models/Employeem/Login_m.php(15): CodeIgniter\Database\BaseConnection->query('SELECT * FROM `...')
#2 /home/knebxnii/public_html/aaradhya1/app/Controllers/Elogin_c.php(24): App\Models\Employeem\Login_m->employee_login_select('admin@gmail.com', '202cb962ac59075...')
#3 /home/knebxnii/public_html/aaradhya1/system/CodeIgniter.php(964): App\Controllers\Elogin_c->index()
#4 /home/knebxnii/public_html/aaradhya1/system/CodeIgniter.php(449): CodeIgniter\CodeIgniter->runController(Object(App\Controllers\Elogin_c))
#5 /home/knebxnii/public_html/aaradhya1/system/CodeIgniter.php(357): CodeIgniter\CodeIgniter->handleRequest(NULL, Object(Config\Cache), false)
#6 /home/knebxnii/public_html/aaradhya1/index.php(62): CodeIgniter\CodeIgniter->run()
#7 {main}
CRITICAL - 2020-10-13 10:17:01 --> ini_set(): A session is active. You cannot change the session module's ini settings at this time
#0 [internal function]: CodeIgniter\Debug\Exceptions->errorHandler(2, 'ini_set(): A se...', '/home/knebxnii/...', 108, Array)
#1 /home/knebxnii/public_html/aaradhya1/system/Session/Handlers/FileHandler.php(108): ini_set('session.save_pa...', '/home/knebxnii/...')
#2 /home/knebxnii/public_html/aaradhya1/system/Config/Services.php(732): CodeIgniter\Session\Handlers\FileHandler->__construct(Object(Config\App), '49.34.136.52')
#3 /home/knebxnii/public_html/aaradhya1/system/Config/BaseService.php(123): CodeIgniter\Config\Services::session(Object(Config\App), false)
#4 /home/knebxnii/public_html/aaradhya1/system/Config/Services.php(725): CodeIgniter\Config\BaseService::getSharedInstance('session', NULL)
#5 /home/knebxnii/public_html/aaradhya1/system/HTTP/RedirectResponse.php(110): CodeIgniter\Config\Services::session()
#6 /home/knebxnii/public_html/aaradhya1/system/Filters/CSRF.php(94): CodeIgniter\HTTP\RedirectResponse->back()
#7 /home/knebxnii/public_html/aaradhya1/system/Filters/Filters.php(209): CodeIgniter\Filters\CSRF->before(Object(CodeIgniter\HTTP\IncomingRequest), NULL)
#8 /home/knebxnii/public_html/aaradhya1/system/CodeIgniter.php(427): CodeIgniter\Filters\Filters->run('employee-login', 'before')
#9 /home/knebxnii/public_html/aaradhya1/system/CodeIgniter.php(357): CodeIgniter\CodeIgniter->handleRequest(NULL, Object(Config\Cache), false)
#10 /home/knebxnii/public_html/aaradhya1/index.php(62): CodeIgniter\CodeIgniter->run()
#11 {main}
CRITICAL - 2020-10-13 10:18:59 --> Trying to access array offset on value of type null
#0 /home/knebxnii/public_html/aaradhya1/app/Views/employee/customers_view.php(9): CodeIgniter\Debug\Exceptions->errorHandler(8, 'Trying to acces...', '/home/knebxnii/...', 9, Array)
#1 /home/knebxnii/public_html/aaradhya1/system/View/View.php(241): include('/home/knebxnii/...')
#2 /home/knebxnii/public_html/aaradhya1/system/Common.php(1217): CodeIgniter\View\View->render('employee/custom...', Array, true)
#3 /home/knebxnii/public_html/aaradhya1/system/Common.php(1264): view('employee/custom...', Array)
#4 /home/knebxnii/public_html/aaradhya1/app/Controllers/Customers_e.php(50): employee_view('employee/custom...', Array)
#5 /home/knebxnii/public_html/aaradhya1/system/CodeIgniter.php(964): App\Controllers\Customers_e->customers_view('1')
#6 /home/knebxnii/public_html/aaradhya1/system/CodeIgniter.php(449): CodeIgniter\CodeIgniter->runController(Object(App\Controllers\Customers_e))
#7 /home/knebxnii/public_html/aaradhya1/system/CodeIgniter.php(357): CodeIgniter\CodeIgniter->handleRequest(NULL, Object(Config\Cache), false)
#8 /home/knebxnii/public_html/aaradhya1/index.php(62): CodeIgniter\CodeIgniter->run()
#9 {main}
CRITICAL - 2020-10-13 18:43:14 --> You have an error in your SQL syntax; check the manual that corresponds to your MariaDB server version for the right syntax to use near '@GMAIL.COM) AND customer_email_password = '1w4' AND customer_status = 'ACTIVE' A' at line 1
#0 /home/knebxnii/public_html/aaradhya1/system/Database/MySQLi/Connection.php(331): mysqli->query('SELECT * FROM `...')
#1 /home/knebxnii/public_html/aaradhya1/system/Database/BaseConnection.php(724): CodeIgniter\Database\MySQLi\Connection->execute('SELECT * FROM `...')
#2 /home/knebxnii/public_html/aaradhya1/system/Database/BaseConnection.php(652): CodeIgniter\Database\BaseConnection->simpleQuery('SELECT * FROM `...')
#3 /home/knebxnii/public_html/aaradhya1/app/Models/Frontm/Login_m.php(14): CodeIgniter\Database\BaseConnection->query('SELECT * FROM `...')
#4 /home/knebxnii/public_html/aaradhya1/app/Controllers/Home_c.php(33): App\Models\Frontm\Login_m->customer_login_select('MIN@GMAIL.COM', '1w4')
#5 /home/knebxnii/public_html/aaradhya1/system/CodeIgniter.php(964): App\Controllers\Home_c->login()
#6 /home/knebxnii/public_html/aaradhya1/system/CodeIgniter.php(449): CodeIgniter\CodeIgniter->runController(Object(App\Controllers\Home_c))
#7 /home/knebxnii/public_html/aaradhya1/system/CodeIgniter.php(357): CodeIgniter\CodeIgniter->handleRequest(NULL, Object(Config\Cache), false)
#8 /home/knebxnii/public_html/aaradhya1/index.php(62): CodeIgniter\CodeIgniter->run()
#9 {main}
CRITICAL - 2020-10-13 18:43:21 --> ini_set(): A session is active. You cannot change the session module's ini settings at this time
#0 [internal function]: CodeIgniter\Debug\Exceptions->errorHandler(2, 'ini_set(): A se...', '/home/knebxnii/...', 108, Array)
#1 /home/knebxnii/public_html/aaradhya1/system/Session/Handlers/FileHandler.php(108): ini_set('session.save_pa...', '/home/knebxnii/...')
#2 /home/knebxnii/public_html/aaradhya1/system/Config/Services.php(732): CodeIgniter\Session\Handlers\FileHandler->__construct(Object(Config\App), '157.32.225.50')
#3 /home/knebxnii/public_html/aaradhya1/system/Config/BaseService.php(123): CodeIgniter\Config\Services::session(Object(Config\App), false)
#4 /home/knebxnii/public_html/aaradhya1/system/Config/Services.php(725): CodeIgniter\Config\BaseService::getSharedInstance('session', NULL)
#5 /home/knebxnii/public_html/aaradhya1/system/HTTP/RedirectResponse.php(110): CodeIgniter\Config\Services::session()
#6 /home/knebxnii/public_html/aaradhya1/system/Filters/CSRF.php(94): CodeIgniter\HTTP\RedirectResponse->back()
#7 /home/knebxnii/public_html/aaradhya1/system/Filters/Filters.php(209): CodeIgniter\Filters\CSRF->before(Object(CodeIgniter\HTTP\IncomingRequest), NULL)
#8 /home/knebxnii/public_html/aaradhya1/system/CodeIgniter.php(427): CodeIgniter\Filters\Filters->run('customer-login', 'before')
#9 /home/knebxnii/public_html/aaradhya1/system/CodeIgniter.php(357): CodeIgniter\CodeIgniter->handleRequest(NULL, Object(Config\Cache), false)
#10 /home/knebxnii/public_html/aaradhya1/index.php(62): CodeIgniter\CodeIgniter->run()
#11 {main}
CRITICAL - 2020-10-13 18:45:45 --> You have an error in your SQL syntax; check the manual that corresponds to your MariaDB server version for the right syntax to use near '@GMAIL.COM ) AND customer_email_password = '1w4' AND customer_status = 'ACTIVE' ' at line 1
#0 /home/knebxnii/public_html/aaradhya1/system/Database/MySQLi/Connection.php(331): mysqli->query('SELECT * FROM `...')
#1 /home/knebxnii/public_html/aaradhya1/system/Database/BaseConnection.php(724): CodeIgniter\Database\MySQLi\Connection->execute('SELECT * FROM `...')
#2 /home/knebxnii/public_html/aaradhya1/system/Database/BaseConnection.php(652): CodeIgniter\Database\BaseConnection->simpleQuery('SELECT * FROM `...')
#3 /home/knebxnii/public_html/aaradhya1/app/Models/Frontm/Login_m.php(14): CodeIgniter\Database\BaseConnection->query('SELECT * FROM `...')
#4 /home/knebxnii/public_html/aaradhya1/app/Controllers/Home_c.php(33): App\Models\Frontm\Login_m->customer_login_select('MIN@GMAIL.COM ', '1w4')
#5 /home/knebxnii/public_html/aaradhya1/system/CodeIgniter.php(964): App\Controllers\Home_c->login()
#6 /home/knebxnii/public_html/aaradhya1/system/CodeIgniter.php(449): CodeIgniter\CodeIgniter->runController(Object(App\Controllers\Home_c))
#7 /home/knebxnii/public_html/aaradhya1/system/CodeIgniter.php(357): CodeIgniter\CodeIgniter->handleRequest(NULL, Object(Config\Cache), false)
#8 /home/knebxnii/public_html/aaradhya1/index.php(62): CodeIgniter\CodeIgniter->run()
#9 {main}
CRITICAL - 2020-10-13 18:45:51 --> ini_set(): A session is active. You cannot change the session module's ini settings at this time
#0 [internal function]: CodeIgniter\Debug\Exceptions->errorHandler(2, 'ini_set(): A se...', '/home/knebxnii/...', 108, Array)
#1 /home/knebxnii/public_html/aaradhya1/system/Session/Handlers/FileHandler.php(108): ini_set('session.save_pa...', '/home/knebxnii/...')
#2 /home/knebxnii/public_html/aaradhya1/system/Config/Services.php(732): CodeIgniter\Session\Handlers\FileHandler->__construct(Object(Config\App), '157.32.225.50')
#3 /home/knebxnii/public_html/aaradhya1/system/Config/BaseService.php(123): CodeIgniter\Config\Services::session(Object(Config\App), false)
#4 /home/knebxnii/public_html/aaradhya1/system/Config/Services.php(725): CodeIgniter\Config\BaseService::getSharedInstance('session', NULL)
#5 /home/knebxnii/public_html/aaradhya1/system/HTTP/RedirectResponse.php(110): CodeIgniter\Config\Services::session()
#6 /home/knebxnii/public_html/aaradhya1/system/Filters/CSRF.php(94): CodeIgniter\HTTP\RedirectResponse->back()
#7 /home/knebxnii/public_html/aaradhya1/system/Filters/Filters.php(209): CodeIgniter\Filters\CSRF->before(Object(CodeIgniter\HTTP\IncomingRequest), NULL)
#8 /home/knebxnii/public_html/aaradhya1/system/CodeIgniter.php(427): CodeIgniter\Filters\Filters->run('customer-login', 'before')
#9 /home/knebxnii/public_html/aaradhya1/system/CodeIgniter.php(357): CodeIgniter\CodeIgniter->handleRequest(NULL, Object(Config\Cache), false)
#10 /home/knebxnii/public_html/aaradhya1/index.php(62): CodeIgniter\CodeIgniter->run()
#11 {main}
CRITICAL - 2020-10-13 18:48:50 --> You have an error in your SQL syntax; check the manual that corresponds to your MariaDB server version for the right syntax to use near '@GMAIL.COM ) AND customer_email_password = '123' AND customer_status = 'ACTIVE' ' at line 1
#0 /home/knebxnii/public_html/aaradhya1/system/Database/MySQLi/Connection.php(331): mysqli->query('SELECT * FROM `...')
#1 /home/knebxnii/public_html/aaradhya1/system/Database/BaseConnection.php(724): CodeIgniter\Database\MySQLi\Connection->execute('SELECT * FROM `...')
#2 /home/knebxnii/public_html/aaradhya1/system/Database/BaseConnection.php(652): CodeIgniter\Database\BaseConnection->simpleQuery('SELECT * FROM `...')
#3 /home/knebxnii/public_html/aaradhya1/app/Models/Frontm/Login_m.php(14): CodeIgniter\Database\BaseConnection->query('SELECT * FROM `...')
#4 /home/knebxnii/public_html/aaradhya1/app/Controllers/Home_c.php(33): App\Models\Frontm\Login_m->customer_login_select('MIN@GMAIL.COM ', '123')
#5 /home/knebxnii/public_html/aaradhya1/system/CodeIgniter.php(964): App\Controllers\Home_c->login()
#6 /home/knebxnii/public_html/aaradhya1/system/CodeIgniter.php(449): CodeIgniter\CodeIgniter->runController(Object(App\Controllers\Home_c))
#7 /home/knebxnii/public_html/aaradhya1/system/CodeIgniter.php(357): CodeIgniter\CodeIgniter->handleRequest(NULL, Object(Config\Cache), false)
#8 /home/knebxnii/public_html/aaradhya1/index.php(62): CodeIgniter\CodeIgniter->run()
#9 {main}
CRITICAL - 2020-10-13 18:49:03 --> ini_set(): A session is active. You cannot change the session module's ini settings at this time
#0 [internal function]: CodeIgniter\Debug\Exceptions->errorHandler(2, 'ini_set(): A se...', '/home/knebxnii/...', 108, Array)
#1 /home/knebxnii/public_html/aaradhya1/system/Session/Handlers/FileHandler.php(108): ini_set('session.save_pa...', '/home/knebxnii/...')
#2 /home/knebxnii/public_html/aaradhya1/system/Config/Services.php(732): CodeIgniter\Session\Handlers\FileHandler->__construct(Object(Config\App), '157.32.225.50')
#3 /home/knebxnii/public_html/aaradhya1/system/Config/BaseService.php(123): CodeIgniter\Config\Services::session(Object(Config\App), false)
#4 /home/knebxnii/public_html/aaradhya1/system/Config/Services.php(725): CodeIgniter\Config\BaseService::getSharedInstance('session', NULL)
#5 /home/knebxnii/public_html/aaradhya1/system/HTTP/RedirectResponse.php(110): CodeIgniter\Config\Services::session()
#6 /home/knebxnii/public_html/aaradhya1/system/Filters/CSRF.php(94): CodeIgniter\HTTP\RedirectResponse->back()
#7 /home/knebxnii/public_html/aaradhya1/system/Filters/Filters.php(209): CodeIgniter\Filters\CSRF->before(Object(CodeIgniter\HTTP\IncomingRequest), NULL)
#8 /home/knebxnii/public_html/aaradhya1/system/CodeIgniter.php(427): CodeIgniter\Filters\Filters->run('customer-login', 'before')
#9 /home/knebxnii/public_html/aaradhya1/system/CodeIgniter.php(357): CodeIgniter\CodeIgniter->handleRequest(NULL, Object(Config\Cache), false)
#10 /home/knebxnii/public_html/aaradhya1/index.php(62): CodeIgniter\CodeIgniter->run()
#11 {main}
CRITICAL - 2020-10-13 18:52:38 --> You have an error in your SQL syntax; check the manual that corresponds to your MariaDB server version for the right syntax to use near '@GMAIL.COM ) AND customer_email_password = '123' AND customer_status = 'ACTIVE' ' at line 1
#0 /home/knebxnii/public_html/aaradhya1/system/Database/MySQLi/Connection.php(331): mysqli->query('SELECT * FROM `...')
#1 /home/knebxnii/public_html/aaradhya1/system/Database/BaseConnection.php(724): CodeIgniter\Database\MySQLi\Connection->execute('SELECT * FROM `...')
#2 /home/knebxnii/public_html/aaradhya1/system/Database/BaseConnection.php(652): CodeIgniter\Database\BaseConnection->simpleQuery('SELECT * FROM `...')
#3 /home/knebxnii/public_html/aaradhya1/app/Models/Frontm/Login_m.php(14): CodeIgniter\Database\BaseConnection->query('SELECT * FROM `...')
#4 /home/knebxnii/public_html/aaradhya1/app/Controllers/Home_c.php(33): App\Models\Frontm\Login_m->customer_login_select('MIN@GMAIL.COM ', '123')
#5 /home/knebxnii/public_html/aaradhya1/system/CodeIgniter.php(964): App\Controllers\Home_c->login()
#6 /home/knebxnii/public_html/aaradhya1/system/CodeIgniter.php(449): CodeIgniter\CodeIgniter->runController(Object(App\Controllers\Home_c))
#7 /home/knebxnii/public_html/aaradhya1/system/CodeIgniter.php(357): CodeIgniter\CodeIgniter->handleRequest(NULL, Object(Config\Cache), false)
#8 /home/knebxnii/public_html/aaradhya1/index.php(62): CodeIgniter\CodeIgniter->run()
#9 {main}
CRITICAL - 2020-10-13 18:52:53 --> You have an error in your SQL syntax; check the manual that corresponds to your MariaDB server version for the right syntax to use near '@GMAIL.COM ) AND customer_email_password = '124' AND customer_status = 'ACTIVE' ' at line 1
#0 /home/knebxnii/public_html/aaradhya1/system/Database/MySQLi/Connection.php(331): mysqli->query('SELECT * FROM `...')
#1 /home/knebxnii/public_html/aaradhya1/system/Database/BaseConnection.php(724): CodeIgniter\Database\MySQLi\Connection->execute('SELECT * FROM `...')
#2 /home/knebxnii/public_html/aaradhya1/system/Database/BaseConnection.php(652): CodeIgniter\Database\BaseConnection->simpleQuery('SELECT * FROM `...')
#3 /home/knebxnii/public_html/aaradhya1/app/Models/Frontm/Login_m.php(14): CodeIgniter\Database\BaseConnection->query('SELECT * FROM `...')
#4 /home/knebxnii/public_html/aaradhya1/app/Controllers/Home_c.php(33): App\Models\Frontm\Login_m->customer_login_select('MIN@GMAIL.COM ', '124')
#5 /home/knebxnii/public_html/aaradhya1/system/CodeIgniter.php(964): App\Controllers\Home_c->login()
#6 /home/knebxnii/public_html/aaradhya1/system/CodeIgniter.php(449): CodeIgniter\CodeIgniter->runController(Object(App\Controllers\Home_c))
#7 /home/knebxnii/public_html/aaradhya1/system/CodeIgniter.php(357): CodeIgniter\CodeIgniter->handleRequest(NULL, Object(Config\Cache), false)
#8 /home/knebxnii/public_html/aaradhya1/index.php(62): CodeIgniter\CodeIgniter->run()
#9 {main}
CRITICAL - 2020-10-13 18:59:28 --> ini_set(): A session is active. You cannot change the session module's ini settings at this time
#0 [internal function]: CodeIgniter\Debug\Exceptions->errorHandler(2, 'ini_set(): A se...', '/home/knebxnii/...', 108, Array)
#1 /home/knebxnii/public_html/aaradhya1/system/Session/Handlers/FileHandler.php(108): ini_set('session.save_pa...', '/home/knebxnii/...')
#2 /home/knebxnii/public_html/aaradhya1/system/Config/Services.php(732): CodeIgniter\Session\Handlers\FileHandler->__construct(Object(Config\App), '49.34.51.77')
#3 /home/knebxnii/public_html/aaradhya1/system/Config/BaseService.php(123): CodeIgniter\Config\Services::session(Object(Config\App), false)
#4 /home/knebxnii/public_html/aaradhya1/system/Config/Services.php(725): CodeIgniter\Config\BaseService::getSharedInstance('session', NULL)
#5 /home/knebxnii/public_html/aaradhya1/system/HTTP/RedirectResponse.php(110): CodeIgniter\Config\Services::session()
#6 /home/knebxnii/public_html/aaradhya1/system/Filters/CSRF.php(94): CodeIgniter\HTTP\RedirectResponse->back()
#7 /home/knebxnii/public_html/aaradhya1/system/Filters/Filters.php(209): CodeIgniter\Filters\CSRF->before(Object(CodeIgniter\HTTP\IncomingRequest), NULL)
#8 /home/knebxnii/public_html/aaradhya1/system/CodeIgniter.php(427): CodeIgniter\Filters\Filters->run('employee-login', 'before')
#9 /home/knebxnii/public_html/aaradhya1/system/CodeIgniter.php(357): CodeIgniter\CodeIgniter->handleRequest(NULL, Object(Config\Cache), false)
#10 /home/knebxnii/public_html/aaradhya1/index.php(62): CodeIgniter\CodeIgniter->run()
#11 {main}
CRITICAL - 2020-10-13 18:59:46 --> ini_set(): A session is active. You cannot change the session module's ini settings at this time
#0 [internal function]: CodeIgniter\Debug\Exceptions->errorHandler(2, 'ini_set(): A se...', '/home/knebxnii/...', 108, Array)
#1 /home/knebxnii/public_html/aaradhya1/system/Session/Handlers/FileHandler.php(108): ini_set('session.save_pa...', '/home/knebxnii/...')
#2 /home/knebxnii/public_html/aaradhya1/system/Config/Services.php(732): CodeIgniter\Session\Handlers\FileHandler->__construct(Object(Config\App), '49.34.51.77')
#3 /home/knebxnii/public_html/aaradhya1/system/Config/BaseService.php(123): CodeIgniter\Config\Services::session(Object(Config\App), false)
#4 /home/knebxnii/public_html/aaradhya1/system/Config/Services.php(725): CodeIgniter\Config\BaseService::getSharedInstance('session', NULL)
#5 /home/knebxnii/public_html/aaradhya1/system/HTTP/RedirectResponse.php(110): CodeIgniter\Config\Services::session()
#6 /home/knebxnii/public_html/aaradhya1/system/Filters/CSRF.php(94): CodeIgniter\HTTP\RedirectResponse->back()
#7 /home/knebxnii/public_html/aaradhya1/system/Filters/Filters.php(209): CodeIgniter\Filters\CSRF->before(Object(CodeIgniter\HTTP\IncomingRequest), NULL)
#8 /home/knebxnii/public_html/aaradhya1/system/CodeIgniter.php(427): CodeIgniter\Filters\Filters->run('employee-login', 'before')
#9 /home/knebxnii/public_html/aaradhya1/system/CodeIgniter.php(357): CodeIgniter\CodeIgniter->handleRequest(NULL, Object(Config\Cache), false)
#10 /home/knebxnii/public_html/aaradhya1/index.php(62): CodeIgniter\CodeIgniter->run()
#11 {main}
CRITICAL - 2020-10-13 19:00:03 --> ini_set(): A session is active. You cannot change the session module's ini settings at this time
#0 [internal function]: CodeIgniter\Debug\Exceptions->errorHandler(2, 'ini_set(): A se...', '/home/knebxnii/...', 108, Array)
#1 /home/knebxnii/public_html/aaradhya1/system/Session/Handlers/FileHandler.php(108): ini_set('session.save_pa...', '/home/knebxnii/...')
#2 /home/knebxnii/public_html/aaradhya1/system/Config/Services.php(732): CodeIgniter\Session\Handlers\FileHandler->__construct(Object(Config\App), '49.34.51.77')
#3 /home/knebxnii/public_html/aaradhya1/system/Config/BaseService.php(123): CodeIgniter\Config\Services::session(Object(Config\App), false)
#4 /home/knebxnii/public_html/aaradhya1/system/Config/Services.php(725): CodeIgniter\Config\BaseService::getSharedInstance('session', NULL)
#5 /home/knebxnii/public_html/aaradhya1/system/HTTP/RedirectResponse.php(110): CodeIgniter\Config\Services::session()
#6 /home/knebxnii/public_html/aaradhya1/system/Filters/CSRF.php(94): CodeIgniter\HTTP\RedirectResponse->back()
#7 /home/knebxnii/public_html/aaradhya1/system/Filters/Filters.php(209): CodeIgniter\Filters\CSRF->before(Object(CodeIgniter\HTTP\IncomingRequest), NULL)
#8 /home/knebxnii/public_html/aaradhya1/system/CodeIgniter.php(427): CodeIgniter\Filters\Filters->run('employee-login', 'before')
#9 /home/knebxnii/public_html/aaradhya1/system/CodeIgniter.php(357): CodeIgniter\CodeIgniter->handleRequest(NULL, Object(Config\Cache), false)
#10 /home/knebxnii/public_html/aaradhya1/index.php(62): CodeIgniter\CodeIgniter->run()
#11 {main}
CRITICAL - 2020-10-13 19:31:47 --> You have an error in your SQL syntax; check the manual that corresponds to your MariaDB server version for the right syntax to use near '@GMAIL.COM ) AND customer_email_password = '124' AND customer_status = 'ACTIVE' ' at line 1
#0 /home/knebxnii/public_html/aaradhya1/system/Database/MySQLi/Connection.php(331): mysqli->query('SELECT * FROM `...')
#1 /home/knebxnii/public_html/aaradhya1/system/Database/BaseConnection.php(724): CodeIgniter\Database\MySQLi\Connection->execute('SELECT * FROM `...')
#2 /home/knebxnii/public_html/aaradhya1/system/Database/BaseConnection.php(652): CodeIgniter\Database\BaseConnection->simpleQuery('SELECT * FROM `...')
#3 /home/knebxnii/public_html/aaradhya1/app/Models/Frontm/Login_m.php(14): CodeIgniter\Database\BaseConnection->query('SELECT * FROM `...')
#4 /home/knebxnii/public_html/aaradhya1/app/Controllers/Home_c.php(33): App\Models\Frontm\Login_m->customer_login_select('MIN@GMAIL.COM ', '124')
#5 /home/knebxnii/public_html/aaradhya1/system/CodeIgniter.php(964): App\Controllers\Home_c->login()
#6 /home/knebxnii/public_html/aaradhya1/system/CodeIgniter.php(449): CodeIgniter\CodeIgniter->runController(Object(App\Controllers\Home_c))
#7 /home/knebxnii/public_html/aaradhya1/system/CodeIgniter.php(357): CodeIgniter\CodeIgniter->handleRequest(NULL, Object(Config\Cache), false)
#8 /home/knebxnii/public_html/aaradhya1/index.php(62): CodeIgniter\CodeIgniter->run()
#9 {main}
CRITICAL - 2020-10-13 20:59:20 --> You have an error in your SQL syntax; check the manual that corresponds to your MariaDB server version for the right syntax to use near '@GMAIL.COM ) AND customer_email_password = '123' AND customer_status = 'ACTIVE' ' at line 1
#0 /home/knebxnii/public_html/aaradhya1/system/Database/MySQLi/Connection.php(331): mysqli->query('SELECT * FROM `...')
#1 /home/knebxnii/public_html/aaradhya1/system/Database/BaseConnection.php(724): CodeIgniter\Database\MySQLi\Connection->execute('SELECT * FROM `...')
#2 /home/knebxnii/public_html/aaradhya1/system/Database/BaseConnection.php(652): CodeIgniter\Database\BaseConnection->simpleQuery('SELECT * FROM `...')
#3 /home/knebxnii/public_html/aaradhya1/app/Models/Frontm/Login_m.php(14): CodeIgniter\Database\BaseConnection->query('SELECT * FROM `...')
#4 /home/knebxnii/public_html/aaradhya1/app/Controllers/Home_c.php(33): App\Models\Frontm\Login_m->customer_login_select('MIN@GMAIL.COM ', '123')
#5 /home/knebxnii/public_html/aaradhya1/system/CodeIgniter.php(964): App\Controllers\Home_c->login()
#6 /home/knebxnii/public_html/aaradhya1/system/CodeIgniter.php(449): CodeIgniter\CodeIgniter->runController(Object(App\Controllers\Home_c))
#7 /home/knebxnii/public_html/aaradhya1/system/CodeIgniter.php(357): CodeIgniter\CodeIgniter->handleRequest(NULL, Object(Config\Cache), false)
#8 /home/knebxnii/public_html/aaradhya1/index.php(62): CodeIgniter\CodeIgniter->run()
#9 {main}
