CRITICAL - 2020-10-08 12:57:27 --> Class 'files' not found
#0 C:\xampp745\htdocs\hpshrc\system\Config\BaseService.php(123): CodeIgniter\Config\Services::session(Object(Config\App), false)
#1 C:\xampp745\htdocs\hpshrc\system\Config\Services.php(769): CodeIgniter\Config\BaseService::getSharedInstance('session', NULL)
#2 C:\xampp745\htdocs\hpshrc\system\HTTP\RedirectResponse.php(229): CodeIgniter\Config\Services::session()
#3 C:\xampp745\htdocs\hpshrc\system\HTTP\RedirectResponse.php(111): CodeIgniter\HTTP\RedirectResponse->ensureSession()
#4 C:\xampp745\htdocs\hpshrc\system\Filters\CSRF.php(94): CodeIgniter\HTTP\RedirectResponse->back()
#5 C:\xampp745\htdocs\hpshrc\system\Filters\Filters.php(173): CodeIgniter\Filters\CSRF->before(Object(CodeIgniter\HTTP\IncomingRequest), NULL)
#6 C:\xampp745\htdocs\hpshrc\system\CodeIgniter.php(382): CodeIgniter\Filters\Filters->run('admin-login', 'before')
#7 C:\xampp745\htdocs\hpshrc\system\CodeIgniter.php(312): CodeIgniter\CodeIgniter->handleRequest(NULL, Object(Config\Cache), false)
#8 C:\xampp745\htdocs\hpshrc\index.php(76): CodeIgniter\CodeIgniter->run()
#9 {main}
CRITICAL - 2020-10-08 14:28:47 --> The action you requested is not allowed.
#0 C:\xampp745\htdocs\hpshrc\system\Security\Security.php(233): CodeIgniter\Security\Exceptions\SecurityException::forDisallowedAction()
#1 C:\xampp745\htdocs\hpshrc\system\Filters\CSRF.php(88): CodeIgniter\Security\Security->CSRFVerify(Object(CodeIgniter\HTTP\IncomingRequest))
#2 C:\xampp745\htdocs\hpshrc\system\Filters\Filters.php(173): CodeIgniter\Filters\CSRF->before(Object(CodeIgniter\HTTP\IncomingRequest), NULL)
#3 C:\xampp745\htdocs\hpshrc\system\CodeIgniter.php(382): CodeIgniter\Filters\Filters->run('admin-active-ca...', 'before')
#4 C:\xampp745\htdocs\hpshrc\system\CodeIgniter.php(312): CodeIgniter\CodeIgniter->handleRequest(NULL, Object(Config\Cache), false)
#5 C:\xampp745\htdocs\hpshrc\index.php(76): CodeIgniter\CodeIgniter->run()
#6 {main}
CRITICAL - 2020-10-08 14:28:56 --> The action you requested is not allowed.
#0 C:\xampp745\htdocs\hpshrc\system\Security\Security.php(233): CodeIgniter\Security\Exceptions\SecurityException::forDisallowedAction()
#1 C:\xampp745\htdocs\hpshrc\system\Filters\CSRF.php(88): CodeIgniter\Security\Security->CSRFVerify(Object(CodeIgniter\HTTP\IncomingRequest))
#2 C:\xampp745\htdocs\hpshrc\system\Filters\Filters.php(173): CodeIgniter\Filters\CSRF->before(Object(CodeIgniter\HTTP\IncomingRequest), NULL)
#3 C:\xampp745\htdocs\hpshrc\system\CodeIgniter.php(382): CodeIgniter\Filters\Filters->run('admin-active-ca...', 'before')
#4 C:\xampp745\htdocs\hpshrc\system\CodeIgniter.php(312): CodeIgniter\CodeIgniter->handleRequest(NULL, Object(Config\Cache), false)
#5 C:\xampp745\htdocs\hpshrc\index.php(76): CodeIgniter\CodeIgniter->run()
#6 {main}
CRITICAL - 2020-10-08 14:55:56 --> Unknown column 'admin_user_id' in 'field list'
#0 C:\xampp745\htdocs\hpshrc\system\Database\MySQLi\Connection.php(331): mysqli->query('INSERT INTO `hp...')
#1 C:\xampp745\htdocs\hpshrc\system\Database\BaseConnection.php(741): CodeIgniter\Database\MySQLi\Connection->execute('INSERT INTO `hp...')
#2 C:\xampp745\htdocs\hpshrc\system\Database\BaseConnection.php(669): CodeIgniter\Database\BaseConnection->simpleQuery('INSERT INTO `hp...')
#3 C:\xampp745\htdocs\hpshrc\system\Database\BaseBuilder.php(2249): CodeIgniter\Database\BaseConnection->query('INSERT INTO `hp...', Array, false)
#4 C:\xampp745\htdocs\hpshrc\App\Models\Adminm\Causes_m.php(20): CodeIgniter\Database\BaseBuilder->insert(Array)
#5 C:\xampp745\htdocs\hpshrc\App\Controllers\Categories_c.php(38): App\Models\Adminm\Causes_m->add_category(Array)
#6 C:\xampp745\htdocs\hpshrc\system\CodeIgniter.php(918): App\Controllers\Categories_c->add_category()
#7 C:\xampp745\htdocs\hpshrc\system\CodeIgniter.php(404): CodeIgniter\CodeIgniter->runController(Object(App\Controllers\Categories_c))
#8 C:\xampp745\htdocs\hpshrc\system\CodeIgniter.php(312): CodeIgniter\CodeIgniter->handleRequest(NULL, Object(Config\Cache), false)
#9 C:\xampp745\htdocs\hpshrc\index.php(76): CodeIgniter\CodeIgniter->run()
#10 {main}
CRITICAL - 2020-10-08 15:08:32 --> Undefined variable: upload_file_id
#0 C:\xampp745\htdocs\hpshrc\App\Views\adminside\causes\edit.php(17): CodeIgniter\Debug\Exceptions->errorHandler(8, 'Undefined varia...', 'C:\\xampp745\\htd...', 17, Array)
#1 C:\xampp745\htdocs\hpshrc\system\View\View.php(246): include('C:\\xampp745\\htd...')
#2 C:\xampp745\htdocs\hpshrc\system\Common.php(1052): CodeIgniter\View\View->render('adminside/cause...', Array, true)
#3 C:\xampp745\htdocs\hpshrc\system\Common.php(1086): view('adminside/cause...', Array)
#4 C:\xampp745\htdocs\hpshrc\App\Controllers\Categories_c.php(71): admin_view('adminside/cause...', Array)
#5 C:\xampp745\htdocs\hpshrc\system\CodeIgniter.php(918): App\Controllers\Categories_c->edit_category('FILE_TYP_ORD')
#6 C:\xampp745\htdocs\hpshrc\system\CodeIgniter.php(404): CodeIgniter\CodeIgniter->runController(Object(App\Controllers\Categories_c))
#7 C:\xampp745\htdocs\hpshrc\system\CodeIgniter.php(312): CodeIgniter\CodeIgniter->handleRequest(NULL, Object(Config\Cache), false)
#8 C:\xampp745\htdocs\hpshrc\index.php(76): CodeIgniter\CodeIgniter->run()
#9 {main}
CRITICAL - 2020-10-08 15:09:08 --> Undefined variable: upload_file_id
#0 C:\xampp745\htdocs\hpshrc\App\Views\adminside\causes\edit.php(17): CodeIgniter\Debug\Exceptions->errorHandler(8, 'Undefined varia...', 'C:\\xampp745\\htd...', 17, Array)
#1 C:\xampp745\htdocs\hpshrc\system\View\View.php(246): include('C:\\xampp745\\htd...')
#2 C:\xampp745\htdocs\hpshrc\system\Common.php(1052): CodeIgniter\View\View->render('adminside/cause...', Array, true)
#3 C:\xampp745\htdocs\hpshrc\system\Common.php(1086): view('adminside/cause...', Array)
#4 C:\xampp745\htdocs\hpshrc\App\Controllers\Categories_c.php(71): admin_view('adminside/cause...', Array)
#5 C:\xampp745\htdocs\hpshrc\system\CodeIgniter.php(918): App\Controllers\Categories_c->edit_category('FILE_TYP_ORD')
#6 C:\xampp745\htdocs\hpshrc\system\CodeIgniter.php(404): CodeIgniter\CodeIgniter->runController(Object(App\Controllers\Categories_c))
#7 C:\xampp745\htdocs\hpshrc\system\CodeIgniter.php(312): CodeIgniter\CodeIgniter->handleRequest(NULL, Object(Config\Cache), false)
#8 C:\xampp745\htdocs\hpshrc\index.php(76): CodeIgniter\CodeIgniter->run()
#9 {main}
CRITICAL - 2020-10-08 15:09:09 --> Undefined variable: upload_file_id
#0 C:\xampp745\htdocs\hpshrc\App\Views\adminside\causes\edit.php(17): CodeIgniter\Debug\Exceptions->errorHandler(8, 'Undefined varia...', 'C:\\xampp745\\htd...', 17, Array)
#1 C:\xampp745\htdocs\hpshrc\system\View\View.php(246): include('C:\\xampp745\\htd...')
#2 C:\xampp745\htdocs\hpshrc\system\Common.php(1052): CodeIgniter\View\View->render('adminside/cause...', Array, true)
#3 C:\xampp745\htdocs\hpshrc\system\Common.php(1086): view('adminside/cause...', Array)
#4 C:\xampp745\htdocs\hpshrc\App\Controllers\Categories_c.php(71): admin_view('adminside/cause...', Array)
#5 C:\xampp745\htdocs\hpshrc\system\CodeIgniter.php(918): App\Controllers\Categories_c->edit_category('FILE_TYP_ORD')
#6 C:\xampp745\htdocs\hpshrc\system\CodeIgniter.php(404): CodeIgniter\CodeIgniter->runController(Object(App\Controllers\Categories_c))
#7 C:\xampp745\htdocs\hpshrc\system\CodeIgniter.php(312): CodeIgniter\CodeIgniter->handleRequest(NULL, Object(Config\Cache), false)
#8 C:\xampp745\htdocs\hpshrc\index.php(76): CodeIgniter\CodeIgniter->run()
#9 {main}
CRITICAL - 2020-10-08 15:10:09 --> Undefined variable: upload_file_id
#0 C:\xampp745\htdocs\hpshrc\App\Views\adminside\causes\edit.php(17): CodeIgniter\Debug\Exceptions->errorHandler(8, 'Undefined varia...', 'C:\\xampp745\\htd...', 17, Array)
#1 C:\xampp745\htdocs\hpshrc\system\View\View.php(246): include('C:\\xampp745\\htd...')
#2 C:\xampp745\htdocs\hpshrc\system\Common.php(1052): CodeIgniter\View\View->render('adminside/cause...', Array, true)
#3 C:\xampp745\htdocs\hpshrc\system\Common.php(1086): view('adminside/cause...', Array)
#4 C:\xampp745\htdocs\hpshrc\App\Controllers\Categories_c.php(71): admin_view('adminside/cause...', Array)
#5 C:\xampp745\htdocs\hpshrc\system\CodeIgniter.php(918): App\Controllers\Categories_c->edit_category('FILE_TYP_ORD')
#6 C:\xampp745\htdocs\hpshrc\system\CodeIgniter.php(404): CodeIgniter\CodeIgniter->runController(Object(App\Controllers\Categories_c))
#7 C:\xampp745\htdocs\hpshrc\system\CodeIgniter.php(312): CodeIgniter\CodeIgniter->handleRequest(NULL, Object(Config\Cache), false)
#8 C:\xampp745\htdocs\hpshrc\index.php(76): CodeIgniter\CodeIgniter->run()
#9 {main}
CRITICAL - 2020-10-08 17:04:40 --> The action you requested is not allowed.
#0 C:\xampp745\htdocs\hpshrc\system\Security\Security.php(233): CodeIgniter\Security\Exceptions\SecurityException::forDisallowedAction()
#1 C:\xampp745\htdocs\hpshrc\system\Filters\CSRF.php(88): CodeIgniter\Security\Security->CSRFVerify(Object(CodeIgniter\HTTP\IncomingRequest))
#2 C:\xampp745\htdocs\hpshrc\system\Filters\Filters.php(173): CodeIgniter\Filters\CSRF->before(Object(CodeIgniter\HTTP\IncomingRequest), NULL)
#3 C:\xampp745\htdocs\hpshrc\system\CodeIgniter.php(382): CodeIgniter\Filters\Filters->run('DataTablesSrc-m...', 'before')
#4 C:\xampp745\htdocs\hpshrc\system\CodeIgniter.php(312): CodeIgniter\CodeIgniter->handleRequest(NULL, Object(Config\Cache), false)
#5 C:\xampp745\htdocs\hpshrc\index.php(76): CodeIgniter\CodeIgniter->run()
#6 {main}
CRITICAL - 2020-10-08 17:04:47 --> The action you requested is not allowed.
#0 C:\xampp745\htdocs\hpshrc\system\Security\Security.php(233): CodeIgniter\Security\Exceptions\SecurityException::forDisallowedAction()
#1 C:\xampp745\htdocs\hpshrc\system\Filters\CSRF.php(88): CodeIgniter\Security\Security->CSRFVerify(Object(CodeIgniter\HTTP\IncomingRequest))
#2 C:\xampp745\htdocs\hpshrc\system\Filters\Filters.php(173): CodeIgniter\Filters\CSRF->before(Object(CodeIgniter\HTTP\IncomingRequest), NULL)
#3 C:\xampp745\htdocs\hpshrc\system\CodeIgniter.php(382): CodeIgniter\Filters\Filters->run('DataTablesSrc-m...', 'before')
#4 C:\xampp745\htdocs\hpshrc\system\CodeIgniter.php(312): CodeIgniter\CodeIgniter->handleRequest(NULL, Object(Config\Cache), false)
#5 C:\xampp745\htdocs\hpshrc\index.php(76): CodeIgniter\CodeIgniter->run()
#6 {main}
CRITICAL - 2020-10-08 17:05:23 --> The action you requested is not allowed.
#0 C:\xampp745\htdocs\hpshrc\system\Security\Security.php(233): CodeIgniter\Security\Exceptions\SecurityException::forDisallowedAction()
#1 C:\xampp745\htdocs\hpshrc\system\Filters\CSRF.php(88): CodeIgniter\Security\Security->CSRFVerify(Object(CodeIgniter\HTTP\IncomingRequest))
#2 C:\xampp745\htdocs\hpshrc\system\Filters\Filters.php(173): CodeIgniter\Filters\CSRF->before(Object(CodeIgniter\HTTP\IncomingRequest), NULL)
#3 C:\xampp745\htdocs\hpshrc\system\CodeIgniter.php(382): CodeIgniter\Filters\Filters->run('DataTablesSrc-m...', 'before')
#4 C:\xampp745\htdocs\hpshrc\system\CodeIgniter.php(312): CodeIgniter\CodeIgniter->handleRequest(NULL, Object(Config\Cache), false)
#5 C:\xampp745\htdocs\hpshrc\index.php(76): CodeIgniter\CodeIgniter->run()
#6 {main}
CRITICAL - 2020-10-08 17:06:18 --> The action you requested is not allowed.
#0 C:\xampp745\htdocs\hpshrc\system\Security\Security.php(233): CodeIgniter\Security\Exceptions\SecurityException::forDisallowedAction()
#1 C:\xampp745\htdocs\hpshrc\system\Filters\CSRF.php(88): CodeIgniter\Security\Security->CSRFVerify(Object(CodeIgniter\HTTP\IncomingRequest))
#2 C:\xampp745\htdocs\hpshrc\system\Filters\Filters.php(173): CodeIgniter\Filters\CSRF->before(Object(CodeIgniter\HTTP\IncomingRequest), NULL)
#3 C:\xampp745\htdocs\hpshrc\system\CodeIgniter.php(382): CodeIgniter\Filters\Filters->run('DataTablesSrc-m...', 'before')
#4 C:\xampp745\htdocs\hpshrc\system\CodeIgniter.php(312): CodeIgniter\CodeIgniter->handleRequest(NULL, Object(Config\Cache), false)
#5 C:\xampp745\htdocs\hpshrc\index.php(76): CodeIgniter\CodeIgniter->run()
#6 {main}
CRITICAL - 2020-10-08 17:18:48 --> Undefined variable: file_type
#0 C:\xampp745\htdocs\hpshrc\App\Views\adminside\categories\add_subcategory.php(25): CodeIgniter\Debug\Exceptions->errorHandler(8, 'Undefined varia...', 'C:\\xampp745\\htd...', 25, Array)
#1 C:\xampp745\htdocs\hpshrc\system\View\View.php(246): include('C:\\xampp745\\htd...')
#2 C:\xampp745\htdocs\hpshrc\system\Common.php(1052): CodeIgniter\View\View->render('adminside/categ...', Array, true)
#3 C:\xampp745\htdocs\hpshrc\system\Common.php(1086): view('adminside/categ...', Array)
#4 C:\xampp745\htdocs\hpshrc\App\Controllers\Categories_c.php(92): admin_view('adminside/categ...', Array)
#5 C:\xampp745\htdocs\hpshrc\system\CodeIgniter.php(918): App\Controllers\Categories_c->add_sub_category()
#6 C:\xampp745\htdocs\hpshrc\system\CodeIgniter.php(404): CodeIgniter\CodeIgniter->runController(Object(App\Controllers\Categories_c))
#7 C:\xampp745\htdocs\hpshrc\system\CodeIgniter.php(312): CodeIgniter\CodeIgniter->handleRequest(NULL, Object(Config\Cache), false)
#8 C:\xampp745\htdocs\hpshrc\index.php(76): CodeIgniter\CodeIgniter->run()
#9 {main}
CRITICAL - 2020-10-08 17:45:47 --> Undefined variable: table
#0 C:\xampp745\htdocs\hpshrc\App\Models\Adminm\Login_m.php(15): CodeIgniter\Debug\Exceptions->errorHandler(8, 'Undefined varia...', 'C:\\xampp745\\htd...', 15, Array)
#1 C:\xampp745\htdocs\hpshrc\App\Controllers\Admin_c.php(28): App\Models\Adminm\Login_m->count_data('hpshrc_customer', 'customer_id', 'customer_status', 'ACTIVE')
#2 C:\xampp745\htdocs\hpshrc\system\CodeIgniter.php(918): App\Controllers\Admin_c->dashboard()
#3 C:\xampp745\htdocs\hpshrc\system\CodeIgniter.php(404): CodeIgniter\CodeIgniter->runController(Object(App\Controllers\Admin_c))
#4 C:\xampp745\htdocs\hpshrc\system\CodeIgniter.php(312): CodeIgniter\CodeIgniter->handleRequest(NULL, Object(Config\Cache), false)
#5 C:\xampp745\htdocs\hpshrc\index.php(76): CodeIgniter\CodeIgniter->run()
#6 {main}
CRITICAL - 2020-10-08 17:46:19 --> Undefined variable: table
#0 C:\xampp745\htdocs\hpshrc\App\Models\Adminm\Login_m.php(15): CodeIgniter\Debug\Exceptions->errorHandler(8, 'Undefined varia...', 'C:\\xampp745\\htd...', 15, Array)
#1 C:\xampp745\htdocs\hpshrc\App\Controllers\Admin_c.php(28): App\Models\Adminm\Login_m->count_data('hpshrc_customer', 'customer_id', 'customer_status', 'ACTIVE')
#2 C:\xampp745\htdocs\hpshrc\system\CodeIgniter.php(918): App\Controllers\Admin_c->dashboard()
#3 C:\xampp745\htdocs\hpshrc\system\CodeIgniter.php(404): CodeIgniter\CodeIgniter->runController(Object(App\Controllers\Admin_c))
#4 C:\xampp745\htdocs\hpshrc\system\CodeIgniter.php(312): CodeIgniter\CodeIgniter->handleRequest(NULL, Object(Config\Cache), false)
#5 C:\xampp745\htdocs\hpshrc\index.php(76): CodeIgniter\CodeIgniter->run()
#6 {main}
CRITICAL - 2020-10-08 17:46:21 --> Undefined variable: table
#0 C:\xampp745\htdocs\hpshrc\App\Models\Adminm\Login_m.php(15): CodeIgniter\Debug\Exceptions->errorHandler(8, 'Undefined varia...', 'C:\\xampp745\\htd...', 15, Array)
#1 C:\xampp745\htdocs\hpshrc\App\Controllers\Admin_c.php(28): App\Models\Adminm\Login_m->count_data('hpshrc_customer', 'customer_id', 'customer_status', 'ACTIVE')
#2 C:\xampp745\htdocs\hpshrc\system\CodeIgniter.php(918): App\Controllers\Admin_c->dashboard()
#3 C:\xampp745\htdocs\hpshrc\system\CodeIgniter.php(404): CodeIgniter\CodeIgniter->runController(Object(App\Controllers\Admin_c))
#4 C:\xampp745\htdocs\hpshrc\system\CodeIgniter.php(312): CodeIgniter\CodeIgniter->handleRequest(NULL, Object(Config\Cache), false)
#5 C:\xampp745\htdocs\hpshrc\index.php(76): CodeIgniter\CodeIgniter->run()
#6 {main}
CRITICAL - 2020-10-08 17:46:35 --> Unknown column 'ACTIVE' in 'where clause'
#0 C:\xampp745\htdocs\hpshrc\system\Database\MySQLi\Connection.php(331): mysqli->query('SELECT COUNT(cu...')
#1 C:\xampp745\htdocs\hpshrc\system\Database\BaseConnection.php(741): CodeIgniter\Database\MySQLi\Connection->execute('SELECT COUNT(cu...')
#2 C:\xampp745\htdocs\hpshrc\system\Database\BaseConnection.php(669): CodeIgniter\Database\BaseConnection->simpleQuery('SELECT COUNT(cu...')
#3 C:\xampp745\htdocs\hpshrc\App\Models\Adminm\Login_m.php(15): CodeIgniter\Database\BaseConnection->query('SELECT COUNT(cu...')
#4 C:\xampp745\htdocs\hpshrc\App\Controllers\Admin_c.php(28): App\Models\Adminm\Login_m->count_data('hpshrc_customer', 'customer_id', 'customer_status', 'ACTIVE')
#5 C:\xampp745\htdocs\hpshrc\system\CodeIgniter.php(918): App\Controllers\Admin_c->dashboard()
#6 C:\xampp745\htdocs\hpshrc\system\CodeIgniter.php(404): CodeIgniter\CodeIgniter->runController(Object(App\Controllers\Admin_c))
#7 C:\xampp745\htdocs\hpshrc\system\CodeIgniter.php(312): CodeIgniter\CodeIgniter->handleRequest(NULL, Object(Config\Cache), false)
#8 C:\xampp745\htdocs\hpshrc\index.php(76): CodeIgniter\CodeIgniter->run()
#9 {main}
CRITICAL - 2020-10-08 17:46:39 --> Unknown column 'ACTIVE' in 'where clause'
#0 C:\xampp745\htdocs\hpshrc\system\Database\MySQLi\Connection.php(331): mysqli->query('SELECT COUNT(cu...')
#1 C:\xampp745\htdocs\hpshrc\system\Database\BaseConnection.php(741): CodeIgniter\Database\MySQLi\Connection->execute('SELECT COUNT(cu...')
#2 C:\xampp745\htdocs\hpshrc\system\Database\BaseConnection.php(669): CodeIgniter\Database\BaseConnection->simpleQuery('SELECT COUNT(cu...')
#3 C:\xampp745\htdocs\hpshrc\App\Models\Adminm\Login_m.php(15): CodeIgniter\Database\BaseConnection->query('SELECT COUNT(cu...')
#4 C:\xampp745\htdocs\hpshrc\App\Controllers\Admin_c.php(28): App\Models\Adminm\Login_m->count_data('hpshrc_customer', 'customer_id', 'customer_status', 'ACTIVE')
#5 C:\xampp745\htdocs\hpshrc\system\CodeIgniter.php(918): App\Controllers\Admin_c->dashboard()
#6 C:\xampp745\htdocs\hpshrc\system\CodeIgniter.php(404): CodeIgniter\CodeIgniter->runController(Object(App\Controllers\Admin_c))
#7 C:\xampp745\htdocs\hpshrc\system\CodeIgniter.php(312): CodeIgniter\CodeIgniter->handleRequest(NULL, Object(Config\Cache), false)
#8 C:\xampp745\htdocs\hpshrc\index.php(76): CodeIgniter\CodeIgniter->run()
#9 {main}
CRITICAL - 2020-10-08 17:46:53 --> Undefined variable: data
#0 C:\xampp745\htdocs\hpshrc\App\Controllers\Admin_c.php(28): CodeIgniter\Debug\Exceptions->errorHandler(8, 'Undefined varia...', 'C:\\xampp745\\htd...', 28, Array)
#1 C:\xampp745\htdocs\hpshrc\system\CodeIgniter.php(918): App\Controllers\Admin_c->dashboard()
#2 C:\xampp745\htdocs\hpshrc\system\CodeIgniter.php(404): CodeIgniter\CodeIgniter->runController(Object(App\Controllers\Admin_c))
#3 C:\xampp745\htdocs\hpshrc\system\CodeIgniter.php(312): CodeIgniter\CodeIgniter->handleRequest(NULL, Object(Config\Cache), false)
#4 C:\xampp745\htdocs\hpshrc\index.php(76): CodeIgniter\CodeIgniter->run()
#5 {main}
CRITICAL - 2020-10-08 17:53:06 --> You have an error in your SQL syntax; check the manual that corresponds to your MariaDB server version for the right syntax to use near '=''' at line 1
#0 C:\xampp745\htdocs\hpshrc\system\Database\MySQLi\Connection.php(331): mysqli->query('SELECT COUNT(cu...')
#1 C:\xampp745\htdocs\hpshrc\system\Database\BaseConnection.php(741): CodeIgniter\Database\MySQLi\Connection->execute('SELECT COUNT(cu...')
#2 C:\xampp745\htdocs\hpshrc\system\Database\BaseConnection.php(669): CodeIgniter\Database\BaseConnection->simpleQuery('SELECT COUNT(cu...')
#3 C:\xampp745\htdocs\hpshrc\App\Models\Adminm\Login_m.php(15): CodeIgniter\Database\BaseConnection->query('SELECT COUNT(cu...')
#4 C:\xampp745\htdocs\hpshrc\App\Controllers\Admin_c.php(28): App\Models\Adminm\Login_m->count_data('hpshrc_customer', 'customer_id')
#5 C:\xampp745\htdocs\hpshrc\system\CodeIgniter.php(918): App\Controllers\Admin_c->dashboard()
#6 C:\xampp745\htdocs\hpshrc\system\CodeIgniter.php(404): CodeIgniter\CodeIgniter->runController(Object(App\Controllers\Admin_c))
#7 C:\xampp745\htdocs\hpshrc\system\CodeIgniter.php(312): CodeIgniter\CodeIgniter->handleRequest(NULL, Object(Config\Cache), false)
#8 C:\xampp745\htdocs\hpshrc\index.php(76): CodeIgniter\CodeIgniter->run()
#9 {main}
CRITICAL - 2020-10-08 20:28:22 --> Use of undefined constant EMPLOYEE_CASES_LIST_LINK - assumed 'EMPLOYEE_CASES_LIST_LINK' (this will throw an Error in a future version of PHP)
#0 C:\xampp745\htdocs\aaradhya\App\Views\employee\common\sidebar.php(41): CodeIgniter\Debug\Exceptions->errorHandler(2, 'Use of undefine...', 'C:\\xampp745\\htd...', 41, Array)
#1 C:\xampp745\htdocs\aaradhya\system\View\View.php(246): include('C:\\xampp745\\htd...')
#2 C:\xampp745\htdocs\aaradhya\system\Common.php(1052): CodeIgniter\View\View->render('employee/common...', Array, true)
#3 C:\xampp745\htdocs\aaradhya\system\Common.php(1096): view('employee/common...', Array)
#4 C:\xampp745\htdocs\aaradhya\App\Controllers\Employee_c.php(33): employee_view('employee/dashbo...', Array)
#5 C:\xampp745\htdocs\aaradhya\system\CodeIgniter.php(918): App\Controllers\Employee_c->dashboard()
#6 C:\xampp745\htdocs\aaradhya\system\CodeIgniter.php(404): CodeIgniter\CodeIgniter->runController(Object(App\Controllers\Employee_c))
#7 C:\xampp745\htdocs\aaradhya\system\CodeIgniter.php(312): CodeIgniter\CodeIgniter->handleRequest(NULL, Object(Config\Cache), false)
#8 C:\xampp745\htdocs\aaradhya\index.php(76): CodeIgniter\CodeIgniter->run()
#9 {main}
CRITICAL - 2020-10-08 20:29:26 --> Use of undefined constant EMPLOYEE_ADD_CASES_TITLE - assumed 'EMPLOYEE_ADD_CASES_TITLE' (this will throw an Error in a future version of PHP)
#0 C:\xampp745\htdocs\aaradhya\assets\employee\js\editors.php(19): CodeIgniter\Debug\Exceptions->errorHandler(2, 'Use of undefine...', 'C:\\xampp745\\htd...', 19, Array)
#1 C:\xampp745\htdocs\aaradhya\App\Views\employee\common\footer.php(26): include('C:\\xampp745\\htd...')
#2 C:\xampp745\htdocs\aaradhya\system\View\View.php(246): include('C:\\xampp745\\htd...')
#3 C:\xampp745\htdocs\aaradhya\system\Common.php(1052): CodeIgniter\View\View->render('employee/common...', Array, true)
#4 C:\xampp745\htdocs\aaradhya\system\Common.php(1099): view('employee/common...', Array)
#5 C:\xampp745\htdocs\aaradhya\App\Controllers\Employee_c.php(33): employee_view('employee/dashbo...', Array)
#6 C:\xampp745\htdocs\aaradhya\system\CodeIgniter.php(918): App\Controllers\Employee_c->dashboard()
#7 C:\xampp745\htdocs\aaradhya\system\CodeIgniter.php(404): CodeIgniter\CodeIgniter->runController(Object(App\Controllers\Employee_c))
#8 C:\xampp745\htdocs\aaradhya\system\CodeIgniter.php(312): CodeIgniter\CodeIgniter->handleRequest(NULL, Object(Config\Cache), false)
#9 C:\xampp745\htdocs\aaradhya\index.php(76): CodeIgniter\CodeIgniter->run()
#10 {main}
CRITICAL - 2020-10-08 20:29:31 --> Use of undefined constant EMPLOYEE_ADD_CASES_TITLE - assumed 'EMPLOYEE_ADD_CASES_TITLE' (this will throw an Error in a future version of PHP)
#0 C:\xampp745\htdocs\aaradhya\assets\employee\js\editors.php(19): CodeIgniter\Debug\Exceptions->errorHandler(2, 'Use of undefine...', 'C:\\xampp745\\htd...', 19, Array)
#1 C:\xampp745\htdocs\aaradhya\App\Views\employee\common\footer.php(26): include('C:\\xampp745\\htd...')
#2 C:\xampp745\htdocs\aaradhya\system\View\View.php(246): include('C:\\xampp745\\htd...')
#3 C:\xampp745\htdocs\aaradhya\system\Common.php(1052): CodeIgniter\View\View->render('employee/common...', Array, true)
#4 C:\xampp745\htdocs\aaradhya\system\Common.php(1099): view('employee/common...', Array)
#5 C:\xampp745\htdocs\aaradhya\App\Controllers\Employee_c.php(33): employee_view('employee/dashbo...', Array)
#6 C:\xampp745\htdocs\aaradhya\system\CodeIgniter.php(918): App\Controllers\Employee_c->dashboard()
#7 C:\xampp745\htdocs\aaradhya\system\CodeIgniter.php(404): CodeIgniter\CodeIgniter->runController(Object(App\Controllers\Employee_c))
#8 C:\xampp745\htdocs\aaradhya\system\CodeIgniter.php(312): CodeIgniter\CodeIgniter->handleRequest(NULL, Object(Config\Cache), false)
#9 C:\xampp745\htdocs\aaradhya\index.php(76): CodeIgniter\CodeIgniter->run()
#10 {main}
CRITICAL - 2020-10-08 20:29:45 --> Use of undefined constant EMPLOYEE_ADD_CASES_TITLE - assumed 'EMPLOYEE_ADD_CASES_TITLE' (this will throw an Error in a future version of PHP)
#0 C:\xampp745\htdocs\aaradhya\assets\employee\js\editors.php(19): CodeIgniter\Debug\Exceptions->errorHandler(2, 'Use of undefine...', 'C:\\xampp745\\htd...', 19, Array)
#1 C:\xampp745\htdocs\aaradhya\App\Views\employee\common\footer.php(26): include('C:\\xampp745\\htd...')
#2 C:\xampp745\htdocs\aaradhya\system\View\View.php(246): include('C:\\xampp745\\htd...')
#3 C:\xampp745\htdocs\aaradhya\system\Common.php(1052): CodeIgniter\View\View->render('employee/common...', Array, true)
#4 C:\xampp745\htdocs\aaradhya\system\Common.php(1099): view('employee/common...', Array)
#5 C:\xampp745\htdocs\aaradhya\App\Controllers\Employee_c.php(33): employee_view('employee/dashbo...', Array)
#6 C:\xampp745\htdocs\aaradhya\system\CodeIgniter.php(918): App\Controllers\Employee_c->dashboard()
#7 C:\xampp745\htdocs\aaradhya\system\CodeIgniter.php(404): CodeIgniter\CodeIgniter->runController(Object(App\Controllers\Employee_c))
#8 C:\xampp745\htdocs\aaradhya\system\CodeIgniter.php(312): CodeIgniter\CodeIgniter->handleRequest(NULL, Object(Config\Cache), false)
#9 C:\xampp745\htdocs\aaradhya\index.php(76): CodeIgniter\CodeIgniter->run()
#10 {main}
CRITICAL - 2020-10-08 20:29:53 --> Use of undefined constant EMPLOYEE_ADD_CASES_TITLE - assumed 'EMPLOYEE_ADD_CASES_TITLE' (this will throw an Error in a future version of PHP)
#0 C:\xampp745\htdocs\aaradhya\assets\employee\js\editors.php(19): CodeIgniter\Debug\Exceptions->errorHandler(2, 'Use of undefine...', 'C:\\xampp745\\htd...', 19, Array)
#1 C:\xampp745\htdocs\aaradhya\App\Views\employee\common\footer.php(26): include('C:\\xampp745\\htd...')
#2 C:\xampp745\htdocs\aaradhya\system\View\View.php(246): include('C:\\xampp745\\htd...')
#3 C:\xampp745\htdocs\aaradhya\system\Common.php(1052): CodeIgniter\View\View->render('employee/common...', Array, true)
#4 C:\xampp745\htdocs\aaradhya\system\Common.php(1099): view('employee/common...', Array)
#5 C:\xampp745\htdocs\aaradhya\App\Controllers\Employee_c.php(33): employee_view('employee/dashbo...', Array)
#6 C:\xampp745\htdocs\aaradhya\system\CodeIgniter.php(918): App\Controllers\Employee_c->dashboard()
#7 C:\xampp745\htdocs\aaradhya\system\CodeIgniter.php(404): CodeIgniter\CodeIgniter->runController(Object(App\Controllers\Employee_c))
#8 C:\xampp745\htdocs\aaradhya\system\CodeIgniter.php(312): CodeIgniter\CodeIgniter->handleRequest(NULL, Object(Config\Cache), false)
#9 C:\xampp745\htdocs\aaradhya\index.php(76): CodeIgniter\CodeIgniter->run()
#10 {main}
CRITICAL - 2020-10-08 20:29:55 --> Use of undefined constant EMPLOYEE_ADD_CASES_TITLE - assumed 'EMPLOYEE_ADD_CASES_TITLE' (this will throw an Error in a future version of PHP)
#0 C:\xampp745\htdocs\aaradhya\assets\employee\js\editors.php(19): CodeIgniter\Debug\Exceptions->errorHandler(2, 'Use of undefine...', 'C:\\xampp745\\htd...', 19, Array)
#1 C:\xampp745\htdocs\aaradhya\App\Views\employee\common\footer.php(26): include('C:\\xampp745\\htd...')
#2 C:\xampp745\htdocs\aaradhya\system\View\View.php(246): include('C:\\xampp745\\htd...')
#3 C:\xampp745\htdocs\aaradhya\system\Common.php(1052): CodeIgniter\View\View->render('employee/common...', Array, true)
#4 C:\xampp745\htdocs\aaradhya\system\Common.php(1099): view('employee/common...', Array)
#5 C:\xampp745\htdocs\aaradhya\App\Controllers\Employee_c.php(33): employee_view('employee/dashbo...', Array)
#6 C:\xampp745\htdocs\aaradhya\system\CodeIgniter.php(918): App\Controllers\Employee_c->dashboard()
#7 C:\xampp745\htdocs\aaradhya\system\CodeIgniter.php(404): CodeIgniter\CodeIgniter->runController(Object(App\Controllers\Employee_c))
#8 C:\xampp745\htdocs\aaradhya\system\CodeIgniter.php(312): CodeIgniter\CodeIgniter->handleRequest(NULL, Object(Config\Cache), false)
#9 C:\xampp745\htdocs\aaradhya\index.php(76): CodeIgniter\CodeIgniter->run()
#10 {main}
CRITICAL - 2020-10-08 20:38:58 --> Use of undefined constant EMPLOYEE_ADD_CASES_TITLE - assumed 'EMPLOYEE_ADD_CASES_TITLE' (this will throw an Error in a future version of PHP)
#0 C:\xampp745\htdocs\aaradhya\assets\employee\js\editors.php(19): CodeIgniter\Debug\Exceptions->errorHandler(2, 'Use of undefine...', 'C:\\xampp745\\htd...', 19, Array)
#1 C:\xampp745\htdocs\aaradhya\App\Views\employee\common\footer.php(26): include('C:\\xampp745\\htd...')
#2 C:\xampp745\htdocs\aaradhya\system\View\View.php(246): include('C:\\xampp745\\htd...')
#3 C:\xampp745\htdocs\aaradhya\system\Common.php(1052): CodeIgniter\View\View->render('employee/common...', Array, true)
#4 C:\xampp745\htdocs\aaradhya\system\Common.php(1099): view('employee/common...', Array)
#5 C:\xampp745\htdocs\aaradhya\App\Controllers\Employee_c.php(33): employee_view('employee/dashbo...', Array)
#6 C:\xampp745\htdocs\aaradhya\system\CodeIgniter.php(918): App\Controllers\Employee_c->dashboard()
#7 C:\xampp745\htdocs\aaradhya\system\CodeIgniter.php(404): CodeIgniter\CodeIgniter->runController(Object(App\Controllers\Employee_c))
#8 C:\xampp745\htdocs\aaradhya\system\CodeIgniter.php(312): CodeIgniter\CodeIgniter->handleRequest(NULL, Object(Config\Cache), false)
#9 C:\xampp745\htdocs\aaradhya\index.php(76): CodeIgniter\CodeIgniter->run()
#10 {main}
CRITICAL - 2020-10-08 20:39:01 --> Use of undefined constant EMPLOYEE_ADD_CASES_TITLE - assumed 'EMPLOYEE_ADD_CASES_TITLE' (this will throw an Error in a future version of PHP)
#0 C:\xampp745\htdocs\aaradhya\assets\employee\js\editors.php(19): CodeIgniter\Debug\Exceptions->errorHandler(2, 'Use of undefine...', 'C:\\xampp745\\htd...', 19, Array)
#1 C:\xampp745\htdocs\aaradhya\App\Views\employee\common\footer.php(26): include('C:\\xampp745\\htd...')
#2 C:\xampp745\htdocs\aaradhya\system\View\View.php(246): include('C:\\xampp745\\htd...')
#3 C:\xampp745\htdocs\aaradhya\system\Common.php(1052): CodeIgniter\View\View->render('employee/common...', Array, true)
#4 C:\xampp745\htdocs\aaradhya\system\Common.php(1099): view('employee/common...', Array)
#5 C:\xampp745\htdocs\aaradhya\App\Controllers\Employee_c.php(33): employee_view('employee/dashbo...', Array)
#6 C:\xampp745\htdocs\aaradhya\system\CodeIgniter.php(918): App\Controllers\Employee_c->dashboard()
#7 C:\xampp745\htdocs\aaradhya\system\CodeIgniter.php(404): CodeIgniter\CodeIgniter->runController(Object(App\Controllers\Employee_c))
#8 C:\xampp745\htdocs\aaradhya\system\CodeIgniter.php(312): CodeIgniter\CodeIgniter->handleRequest(NULL, Object(Config\Cache), false)
#9 C:\xampp745\htdocs\aaradhya\index.php(76): CodeIgniter\CodeIgniter->run()
#10 {main}
CRITICAL - 2020-10-08 20:39:03 --> Use of undefined constant EMPLOYEE_ADD_CASES_TITLE - assumed 'EMPLOYEE_ADD_CASES_TITLE' (this will throw an Error in a future version of PHP)
#0 C:\xampp745\htdocs\aaradhya\assets\employee\js\editors.php(19): CodeIgniter\Debug\Exceptions->errorHandler(2, 'Use of undefine...', 'C:\\xampp745\\htd...', 19, Array)
#1 C:\xampp745\htdocs\aaradhya\App\Views\employee\common\footer.php(26): include('C:\\xampp745\\htd...')
#2 C:\xampp745\htdocs\aaradhya\system\View\View.php(246): include('C:\\xampp745\\htd...')
#3 C:\xampp745\htdocs\aaradhya\system\Common.php(1052): CodeIgniter\View\View->render('employee/common...', Array, true)
#4 C:\xampp745\htdocs\aaradhya\system\Common.php(1099): view('employee/common...', Array)
#5 C:\xampp745\htdocs\aaradhya\App\Controllers\Employee_c.php(33): employee_view('employee/dashbo...', Array)
#6 C:\xampp745\htdocs\aaradhya\system\CodeIgniter.php(918): App\Controllers\Employee_c->dashboard()
#7 C:\xampp745\htdocs\aaradhya\system\CodeIgniter.php(404): CodeIgniter\CodeIgniter->runController(Object(App\Controllers\Employee_c))
#8 C:\xampp745\htdocs\aaradhya\system\CodeIgniter.php(312): CodeIgniter\CodeIgniter->handleRequest(NULL, Object(Config\Cache), false)
#9 C:\xampp745\htdocs\aaradhya\index.php(76): CodeIgniter\CodeIgniter->run()
#10 {main}
CRITICAL - 2020-10-08 20:40:05 --> Use of undefined constant CUSTOMER_REGISTRATION_TITLE - assumed 'CUSTOMER_REGISTRATION_TITLE' (this will throw an Error in a future version of PHP)
#0 C:\xampp745\htdocs\aaradhya\App\Views\employee\common\footer.php(404): CodeIgniter\Debug\Exceptions->errorHandler(2, 'Use of undefine...', 'C:\\xampp745\\htd...', 404, Array)
#1 C:\xampp745\htdocs\aaradhya\system\View\View.php(246): include('C:\\xampp745\\htd...')
#2 C:\xampp745\htdocs\aaradhya\system\Common.php(1052): CodeIgniter\View\View->render('employee/common...', Array, true)
#3 C:\xampp745\htdocs\aaradhya\system\Common.php(1099): view('employee/common...', Array)
#4 C:\xampp745\htdocs\aaradhya\App\Controllers\Employee_c.php(33): employee_view('employee/dashbo...', Array)
#5 C:\xampp745\htdocs\aaradhya\system\CodeIgniter.php(918): App\Controllers\Employee_c->dashboard()
#6 C:\xampp745\htdocs\aaradhya\system\CodeIgniter.php(404): CodeIgniter\CodeIgniter->runController(Object(App\Controllers\Employee_c))
#7 C:\xampp745\htdocs\aaradhya\system\CodeIgniter.php(312): CodeIgniter\CodeIgniter->handleRequest(NULL, Object(Config\Cache), false)
#8 C:\xampp745\htdocs\aaradhya\index.php(76): CodeIgniter\CodeIgniter->run()
#9 {main}
CRITICAL - 2020-10-08 20:41:23 --> Use of undefined constant EDIT_CUSTOMER_TITLE - assumed 'EDIT_CUSTOMER_TITLE' (this will throw an Error in a future version of PHP)
#0 C:\xampp745\htdocs\aaradhya\App\Views\employee\common\footer.php(494): CodeIgniter\Debug\Exceptions->errorHandler(2, 'Use of undefine...', 'C:\\xampp745\\htd...', 494, Array)
#1 C:\xampp745\htdocs\aaradhya\system\View\View.php(246): include('C:\\xampp745\\htd...')
#2 C:\xampp745\htdocs\aaradhya\system\Common.php(1052): CodeIgniter\View\View->render('employee/common...', Array, true)
#3 C:\xampp745\htdocs\aaradhya\system\Common.php(1099): view('employee/common...', Array)
#4 C:\xampp745\htdocs\aaradhya\App\Controllers\Employee_c.php(33): employee_view('employee/dashbo...', Array)
#5 C:\xampp745\htdocs\aaradhya\system\CodeIgniter.php(918): App\Controllers\Employee_c->dashboard()
#6 C:\xampp745\htdocs\aaradhya\system\CodeIgniter.php(404): CodeIgniter\CodeIgniter->runController(Object(App\Controllers\Employee_c))
#7 C:\xampp745\htdocs\aaradhya\system\CodeIgniter.php(312): CodeIgniter\CodeIgniter->handleRequest(NULL, Object(Config\Cache), false)
#8 C:\xampp745\htdocs\aaradhya\index.php(76): CodeIgniter\CodeIgniter->run()
#9 {main}
